
AVRASM ver. 2.1.30  G:\Learning\AVR\Project\16_Analog to Digital Converter (ADC)\LM35_www.eft-ele.blogfa.com\Source\List\1.asm Sun Jul 29 09:16:45 2012

G:\Learning\AVR\Project\16_Analog to Digital Converter (ADC)\LM35_www.eft-ele.blogfa.com\Source\List\1.asm(1071): warning: Register r4 already defined by the .DEF directive
G:\Learning\AVR\Project\16_Analog to Digital Converter (ADC)\LM35_www.eft-ele.blogfa.com\Source\List\1.asm(1072): warning: Register r6 already defined by the .DEF directive
G:\Learning\AVR\Project\16_Analog to Digital Converter (ADC)\LM35_www.eft-ele.blogfa.com\Source\List\1.asm(1073): warning: Register r8 already defined by the .DEF directive
G:\Learning\AVR\Project\16_Analog to Digital Converter (ADC)\LM35_www.eft-ele.blogfa.com\Source\List\1.asm(1074): warning: Register r10 already defined by the .DEF directive
G:\Learning\AVR\Project\16_Analog to Digital Converter (ADC)\LM35_www.eft-ele.blogfa.com\Source\List\1.asm(1075): warning: Register r13 already defined by the .DEF directive
G:\Learning\AVR\Project\16_Analog to Digital Converter (ADC)\LM35_www.eft-ele.blogfa.com\Source\List\1.asm(1076): warning: Register r12 already defined by the .DEF directive
                 
                 
                 ;CodeVisionAVR C Compiler V2.05.3 Standard
                 ;(C) Copyright 1998-2011 Pavel Haiduc, HP InfoTech s.r.l.
                 ;http://www.hpinfotech.com
                 
                 ;Chip type                : ATmega32A
                 ;Program type             : Application
                 ;Clock frequency          : 8.000000 MHz
                 ;Memory model             : Small
                 ;Optimize for             : Size
                 ;(s)printf features       : int, width
                 ;(s)scanf features        : int, width
                 ;External RAM size        : 0
                 ;Data Stack size          : 512 byte(s)
                 ;Heap size                : 0 byte(s)
                 ;Promote 'char' to 'int'  : Yes
                 ;'char' is unsigned       : Yes
                 ;8 bit enums              : Yes
                 ;Global 'const' stored in FLASH     : No
                 ;Enhanced function parameter passing: Yes
                 ;Enhanced core instructions         : On
                 ;Smart register allocation          : On
                 ;Automatic register allocation      : On
                 
                 	#pragma AVRPART ADMIN PART_NAME ATmega32A
                 	#pragma AVRPART MEMORY PROG_FLASH 32768
                 	#pragma AVRPART MEMORY EEPROM 1024
                 	#pragma AVRPART MEMORY INT_SRAM SIZE 2143
                 	#pragma AVRPART MEMORY INT_SRAM START_ADDR 0x60
                 
                 	#define CALL_SUPPORTED 1
                 
                 	.LISTMAC
                 	.EQU UDRE=0x5
                 	.EQU RXC=0x7
                 	.EQU USR=0xB
                 	.EQU UDR=0xC
                 	.EQU SPSR=0xE
                 	.EQU SPDR=0xF
                 	.EQU EERE=0x0
                 	.EQU EEWE=0x1
                 	.EQU EEMWE=0x2
                 	.EQU EECR=0x1C
                 	.EQU EEDR=0x1D
                 	.EQU EEARL=0x1E
                 	.EQU EEARH=0x1F
                 	.EQU WDTCR=0x21
                 	.EQU MCUCR=0x35
                 	.EQU SPL=0x3D
                 	.EQU SPH=0x3E
                 	.EQU SREG=0x3F
                 
                 	.DEF R0X0=R0
                 	.DEF R0X1=R1
                 	.DEF R0X2=R2
                 	.DEF R0X3=R3
                 	.DEF R0X4=R4
                 	.DEF R0X5=R5
                 	.DEF R0X6=R6
                 	.DEF R0X7=R7
                 	.DEF R0X8=R8
                 	.DEF R0X9=R9
                 	.DEF R0XA=R10
                 	.DEF R0XB=R11
                 	.DEF R0XC=R12
                 	.DEF R0XD=R13
                 	.DEF R0XE=R14
                 	.DEF R0XF=R15
                 	.DEF R0X10=R16
                 	.DEF R0X11=R17
                 	.DEF R0X12=R18
                 	.DEF R0X13=R19
                 	.DEF R0X14=R20
                 	.DEF R0X15=R21
                 	.DEF R0X16=R22
                 	.DEF R0X17=R23
                 	.DEF R0X18=R24
                 	.DEF R0X19=R25
                 	.DEF R0X1A=R26
                 	.DEF R0X1B=R27
                 	.DEF R0X1C=R28
                 	.DEF R0X1D=R29
                 	.DEF R0X1E=R30
                 	.DEF R0X1F=R31
                 
                 	.EQU __SRAM_START=0x0060
                 	.EQU __SRAM_END=0x085F
                 	.EQU __DSTACK_SIZE=0x0200
                 	.EQU __HEAP_SIZE=0x0000
                 	.EQU __CLEAR_SRAM_SIZE=__SRAM_END-__SRAM_START+1
                 
                 	.MACRO __CPD1N
                 	CPI  R30,LOW(@0)
                 	LDI  R26,HIGH(@0)
                 	CPC  R31,R26
                 	LDI  R26,BYTE3(@0)
                 	CPC  R22,R26
                 	LDI  R26,BYTE4(@0)
                 	CPC  R23,R26
                 	.ENDM
                 
                 	.MACRO __CPD2N
                 	CPI  R26,LOW(@0)
                 	LDI  R30,HIGH(@0)
                 	CPC  R27,R30
                 	LDI  R30,BYTE3(@0)
                 	CPC  R24,R30
                 	LDI  R30,BYTE4(@0)
                 	CPC  R25,R30
                 	.ENDM
                 
                 	.MACRO __CPWRR
                 	CP   R@0,R@2
                 	CPC  R@1,R@3
                 	.ENDM
                 
                 	.MACRO __CPWRN
                 	CPI  R@0,LOW(@2)
                 	LDI  R30,HIGH(@2)
                 	CPC  R@1,R30
                 	.ENDM
                 
                 	.MACRO __ADDB1MN
                 	SUBI R30,LOW(-@0-(@1))
                 	.ENDM
                 
                 	.MACRO __ADDB2MN
                 	SUBI R26,LOW(-@0-(@1))
                 	.ENDM
                 
                 	.MACRO __ADDW1MN
                 	SUBI R30,LOW(-@0-(@1))
                 	SBCI R31,HIGH(-@0-(@1))
                 	.ENDM
                 
                 	.MACRO __ADDW2MN
                 	SUBI R26,LOW(-@0-(@1))
                 	SBCI R27,HIGH(-@0-(@1))
                 	.ENDM
                 
                 	.MACRO __ADDW1FN
                 	SUBI R30,LOW(-2*@0-(@1))
                 	SBCI R31,HIGH(-2*@0-(@1))
                 	.ENDM
                 
                 	.MACRO __ADDD1FN
                 	SUBI R30,LOW(-2*@0-(@1))
                 	SBCI R31,HIGH(-2*@0-(@1))
                 	SBCI R22,BYTE3(-2*@0-(@1))
                 	.ENDM
                 
                 	.MACRO __ADDD1N
                 	SUBI R30,LOW(-@0)
                 	SBCI R31,HIGH(-@0)
                 	SBCI R22,BYTE3(-@0)
                 	SBCI R23,BYTE4(-@0)
                 	.ENDM
                 
                 	.MACRO __ADDD2N
                 	SUBI R26,LOW(-@0)
                 	SBCI R27,HIGH(-@0)
                 	SBCI R24,BYTE3(-@0)
                 	SBCI R25,BYTE4(-@0)
                 	.ENDM
                 
                 	.MACRO __SUBD1N
                 	SUBI R30,LOW(@0)
                 	SBCI R31,HIGH(@0)
                 	SBCI R22,BYTE3(@0)
                 	SBCI R23,BYTE4(@0)
                 	.ENDM
                 
                 	.MACRO __SUBD2N
                 	SUBI R26,LOW(@0)
                 	SBCI R27,HIGH(@0)
                 	SBCI R24,BYTE3(@0)
                 	SBCI R25,BYTE4(@0)
                 	.ENDM
                 
                 	.MACRO __ANDBMNN
                 	LDS  R30,@0+(@1)
                 	ANDI R30,LOW(@2)
                 	STS  @0+(@1),R30
                 	.ENDM
                 
                 	.MACRO __ANDWMNN
                 	LDS  R30,@0+(@1)
                 	ANDI R30,LOW(@2)
                 	STS  @0+(@1),R30
                 	LDS  R30,@0+(@1)+1
                 	ANDI R30,HIGH(@2)
                 	STS  @0+(@1)+1,R30
                 	.ENDM
                 
                 	.MACRO __ANDD1N
                 	ANDI R30,LOW(@0)
                 	ANDI R31,HIGH(@0)
                 	ANDI R22,BYTE3(@0)
                 	ANDI R23,BYTE4(@0)
                 	.ENDM
                 
                 	.MACRO __ANDD2N
                 	ANDI R26,LOW(@0)
                 	ANDI R27,HIGH(@0)
                 	ANDI R24,BYTE3(@0)
                 	ANDI R25,BYTE4(@0)
                 	.ENDM
                 
                 	.MACRO __ORBMNN
                 	LDS  R30,@0+(@1)
                 	ORI  R30,LOW(@2)
                 	STS  @0+(@1),R30
                 	.ENDM
                 
                 	.MACRO __ORWMNN
                 	LDS  R30,@0+(@1)
                 	ORI  R30,LOW(@2)
                 	STS  @0+(@1),R30
                 	LDS  R30,@0+(@1)+1
                 	ORI  R30,HIGH(@2)
                 	STS  @0+(@1)+1,R30
                 	.ENDM
                 
                 	.MACRO __ORD1N
                 	ORI  R30,LOW(@0)
                 	ORI  R31,HIGH(@0)
                 	ORI  R22,BYTE3(@0)
                 	ORI  R23,BYTE4(@0)
                 	.ENDM
                 
                 	.MACRO __ORD2N
                 	ORI  R26,LOW(@0)
                 	ORI  R27,HIGH(@0)
                 	ORI  R24,BYTE3(@0)
                 	ORI  R25,BYTE4(@0)
                 	.ENDM
                 
                 	.MACRO __DELAY_USB
                 	LDI  R24,LOW(@0)
                 __DELAY_USB_LOOP:
                 	DEC  R24
                 	BRNE __DELAY_USB_LOOP
                 	.ENDM
                 
                 	.MACRO __DELAY_USW
                 	LDI  R24,LOW(@0)
                 	LDI  R25,HIGH(@0)
                 __DELAY_USW_LOOP:
                 	SBIW R24,1
                 	BRNE __DELAY_USW_LOOP
                 	.ENDM
                 
                 	.MACRO __GETD1S
                 	LDD  R30,Y+@0
                 	LDD  R31,Y+@0+1
                 	LDD  R22,Y+@0+2
                 	LDD  R23,Y+@0+3
                 	.ENDM
                 
                 	.MACRO __GETD2S
                 	LDD  R26,Y+@0
                 	LDD  R27,Y+@0+1
                 	LDD  R24,Y+@0+2
                 	LDD  R25,Y+@0+3
                 	.ENDM
                 
                 	.MACRO __PUTD1S
                 	STD  Y+@0,R30
                 	STD  Y+@0+1,R31
                 	STD  Y+@0+2,R22
                 	STD  Y+@0+3,R23
                 	.ENDM
                 
                 	.MACRO __PUTD2S
                 	STD  Y+@0,R26
                 	STD  Y+@0+1,R27
                 	STD  Y+@0+2,R24
                 	STD  Y+@0+3,R25
                 	.ENDM
                 
                 	.MACRO __PUTDZ2
                 	STD  Z+@0,R26
                 	STD  Z+@0+1,R27
                 	STD  Z+@0+2,R24
                 	STD  Z+@0+3,R25
                 	.ENDM
                 
                 	.MACRO __CLRD1S
                 	STD  Y+@0,R30
                 	STD  Y+@0+1,R30
                 	STD  Y+@0+2,R30
                 	STD  Y+@0+3,R30
                 	.ENDM
                 
                 	.MACRO __POINTB1MN
                 	LDI  R30,LOW(@0+(@1))
                 	.ENDM
                 
                 	.MACRO __POINTW1MN
                 	LDI  R30,LOW(@0+(@1))
                 	LDI  R31,HIGH(@0+(@1))
                 	.ENDM
                 
                 	.MACRO __POINTD1M
                 	LDI  R30,LOW(@0)
                 	LDI  R31,HIGH(@0)
                 	LDI  R22,BYTE3(@0)
                 	LDI  R23,BYTE4(@0)
                 	.ENDM
                 
                 	.MACRO __POINTW1FN
                 	LDI  R30,LOW(2*@0+(@1))
                 	LDI  R31,HIGH(2*@0+(@1))
                 	.ENDM
                 
                 	.MACRO __POINTD1FN
                 	LDI  R30,LOW(2*@0+(@1))
                 	LDI  R31,HIGH(2*@0+(@1))
                 	LDI  R22,BYTE3(2*@0+(@1))
                 	LDI  R23,BYTE4(2*@0+(@1))
                 	.ENDM
                 
                 	.MACRO __POINTB2MN
                 	LDI  R26,LOW(@0+(@1))
                 	.ENDM
                 
                 	.MACRO __POINTW2MN
                 	LDI  R26,LOW(@0+(@1))
                 	LDI  R27,HIGH(@0+(@1))
                 	.ENDM
                 
                 	.MACRO __POINTW2FN
                 	LDI  R26,LOW(2*@0+(@1))
                 	LDI  R27,HIGH(2*@0+(@1))
                 	.ENDM
                 
                 	.MACRO __POINTD2FN
                 	LDI  R26,LOW(2*@0+(@1))
                 	LDI  R27,HIGH(2*@0+(@1))
                 	LDI  R24,BYTE3(2*@0+(@1))
                 	LDI  R25,BYTE4(2*@0+(@1))
                 	.ENDM
                 
                 	.MACRO __POINTBRM
                 	LDI  R@0,LOW(@1)
                 	.ENDM
                 
                 	.MACRO __POINTWRM
                 	LDI  R@0,LOW(@2)
                 	LDI  R@1,HIGH(@2)
                 	.ENDM
                 
                 	.MACRO __POINTBRMN
                 	LDI  R@0,LOW(@1+(@2))
                 	.ENDM
                 
                 	.MACRO __POINTWRMN
                 	LDI  R@0,LOW(@2+(@3))
                 	LDI  R@1,HIGH(@2+(@3))
                 	.ENDM
                 
                 	.MACRO __POINTWRFN
                 	LDI  R@0,LOW(@2*2+(@3))
                 	LDI  R@1,HIGH(@2*2+(@3))
                 	.ENDM
                 
                 	.MACRO __GETD1N
                 	LDI  R30,LOW(@0)
                 	LDI  R31,HIGH(@0)
                 	LDI  R22,BYTE3(@0)
                 	LDI  R23,BYTE4(@0)
                 	.ENDM
                 
                 	.MACRO __GETD2N
                 	LDI  R26,LOW(@0)
                 	LDI  R27,HIGH(@0)
                 	LDI  R24,BYTE3(@0)
                 	LDI  R25,BYTE4(@0)
                 	.ENDM
                 
                 	.MACRO __GETB1MN
                 	LDS  R30,@0+(@1)
                 	.ENDM
                 
                 	.MACRO __GETB1HMN
                 	LDS  R31,@0+(@1)
                 	.ENDM
                 
                 	.MACRO __GETW1MN
                 	LDS  R30,@0+(@1)
                 	LDS  R31,@0+(@1)+1
                 	.ENDM
                 
                 	.MACRO __GETD1MN
                 	LDS  R30,@0+(@1)
                 	LDS  R31,@0+(@1)+1
                 	LDS  R22,@0+(@1)+2
                 	LDS  R23,@0+(@1)+3
                 	.ENDM
                 
                 	.MACRO __GETBRMN
                 	LDS  R@0,@1+(@2)
                 	.ENDM
                 
                 	.MACRO __GETWRMN
                 	LDS  R@0,@2+(@3)
                 	LDS  R@1,@2+(@3)+1
                 	.ENDM
                 
                 	.MACRO __GETWRZ
                 	LDD  R@0,Z+@2
                 	LDD  R@1,Z+@2+1
                 	.ENDM
                 
                 	.MACRO __GETD2Z
                 	LDD  R26,Z+@0
                 	LDD  R27,Z+@0+1
                 	LDD  R24,Z+@0+2
                 	LDD  R25,Z+@0+3
                 	.ENDM
                 
                 	.MACRO __GETB2MN
                 	LDS  R26,@0+(@1)
                 	.ENDM
                 
                 	.MACRO __GETW2MN
                 	LDS  R26,@0+(@1)
                 	LDS  R27,@0+(@1)+1
                 	.ENDM
                 
                 	.MACRO __GETD2MN
                 	LDS  R26,@0+(@1)
                 	LDS  R27,@0+(@1)+1
                 	LDS  R24,@0+(@1)+2
                 	LDS  R25,@0+(@1)+3
                 	.ENDM
                 
                 	.MACRO __PUTB1MN
                 	STS  @0+(@1),R30
                 	.ENDM
                 
                 	.MACRO __PUTW1MN
                 	STS  @0+(@1),R30
                 	STS  @0+(@1)+1,R31
                 	.ENDM
                 
                 	.MACRO __PUTD1MN
                 	STS  @0+(@1),R30
                 	STS  @0+(@1)+1,R31
                 	STS  @0+(@1)+2,R22
                 	STS  @0+(@1)+3,R23
                 	.ENDM
                 
                 	.MACRO __PUTB1EN
                 	LDI  R26,LOW(@0+(@1))
                 	LDI  R27,HIGH(@0+(@1))
                 	CALL __EEPROMWRB
                 	.ENDM
                 
                 	.MACRO __PUTW1EN
                 	LDI  R26,LOW(@0+(@1))
                 	LDI  R27,HIGH(@0+(@1))
                 	CALL __EEPROMWRW
                 	.ENDM
                 
                 	.MACRO __PUTD1EN
                 	LDI  R26,LOW(@0+(@1))
                 	LDI  R27,HIGH(@0+(@1))
                 	CALL __EEPROMWRD
                 	.ENDM
                 
                 	.MACRO __PUTBR0MN
                 	STS  @0+(@1),R0
                 	.ENDM
                 
                 	.MACRO __PUTBMRN
                 	STS  @0+(@1),R@2
                 	.ENDM
                 
                 	.MACRO __PUTWMRN
                 	STS  @0+(@1),R@2
                 	STS  @0+(@1)+1,R@3
                 	.ENDM
                 
                 	.MACRO __PUTBZR
                 	STD  Z+@1,R@0
                 	.ENDM
                 
                 	.MACRO __PUTWZR
                 	STD  Z+@2,R@0
                 	STD  Z+@2+1,R@1
                 	.ENDM
                 
                 	.MACRO __GETW1R
                 	MOV  R30,R@0
                 	MOV  R31,R@1
                 	.ENDM
                 
                 	.MACRO __GETW2R
                 	MOV  R26,R@0
                 	MOV  R27,R@1
                 	.ENDM
                 
                 	.MACRO __GETWRN
                 	LDI  R@0,LOW(@2)
                 	LDI  R@1,HIGH(@2)
                 	.ENDM
                 
                 	.MACRO __PUTW1R
                 	MOV  R@0,R30
                 	MOV  R@1,R31
                 	.ENDM
                 
                 	.MACRO __PUTW2R
                 	MOV  R@0,R26
                 	MOV  R@1,R27
                 	.ENDM
                 
                 	.MACRO __ADDWRN
                 	SUBI R@0,LOW(-@2)
                 	SBCI R@1,HIGH(-@2)
                 	.ENDM
                 
                 	.MACRO __ADDWRR
                 	ADD  R@0,R@2
                 	ADC  R@1,R@3
                 	.ENDM
                 
                 	.MACRO __SUBWRN
                 	SUBI R@0,LOW(@2)
                 	SBCI R@1,HIGH(@2)
                 	.ENDM
                 
                 	.MACRO __SUBWRR
                 	SUB  R@0,R@2
                 	SBC  R@1,R@3
                 	.ENDM
                 
                 	.MACRO __ANDWRN
                 	ANDI R@0,LOW(@2)
                 	ANDI R@1,HIGH(@2)
                 	.ENDM
                 
                 	.MACRO __ANDWRR
                 	AND  R@0,R@2
                 	AND  R@1,R@3
                 	.ENDM
                 
                 	.MACRO __ORWRN
                 	ORI  R@0,LOW(@2)
                 	ORI  R@1,HIGH(@2)
                 	.ENDM
                 
                 	.MACRO __ORWRR
                 	OR   R@0,R@2
                 	OR   R@1,R@3
                 	.ENDM
                 
                 	.MACRO __EORWRR
                 	EOR  R@0,R@2
                 	EOR  R@1,R@3
                 	.ENDM
                 
                 	.MACRO __GETWRS
                 	LDD  R@0,Y+@2
                 	LDD  R@1,Y+@2+1
                 	.ENDM
                 
                 	.MACRO __PUTBSR
                 	STD  Y+@1,R@0
                 	.ENDM
                 
                 	.MACRO __PUTWSR
                 	STD  Y+@2,R@0
                 	STD  Y+@2+1,R@1
                 	.ENDM
                 
                 	.MACRO __MOVEWRR
                 	MOV  R@0,R@2
                 	MOV  R@1,R@3
                 	.ENDM
                 
                 	.MACRO __INWR
                 	IN   R@0,@2
                 	IN   R@1,@2+1
                 	.ENDM
                 
                 	.MACRO __OUTWR
                 	OUT  @2+1,R@1
                 	OUT  @2,R@0
                 	.ENDM
                 
                 	.MACRO __CALL1MN
                 	LDS  R30,@0+(@1)
                 	LDS  R31,@0+(@1)+1
                 	ICALL
                 	.ENDM
                 
                 	.MACRO __CALL1FN
                 	LDI  R30,LOW(2*@0+(@1))
                 	LDI  R31,HIGH(2*@0+(@1))
                 	CALL __GETW1PF
                 	ICALL
                 	.ENDM
                 
                 	.MACRO __CALL2EN
                 	LDI  R26,LOW(@0+(@1))
                 	LDI  R27,HIGH(@0+(@1))
                 	CALL __EEPROMRDW
                 	ICALL
                 	.ENDM
                 
                 	.MACRO __GETW1STACK
                 	IN   R26,SPL
                 	IN   R27,SPH
                 	ADIW R26,@0+1
                 	LD   R30,X+
                 	LD   R31,X
                 	.ENDM
                 
                 	.MACRO __GETD1STACK
                 	IN   R26,SPL
                 	IN   R27,SPH
                 	ADIW R26,@0+1
                 	LD   R30,X+
                 	LD   R31,X+
                 	LD   R22,X
                 	.ENDM
                 
                 	.MACRO __NBST
                 	BST  R@0,@1
                 	IN   R30,SREG
                 	LDI  R31,0x40
                 	EOR  R30,R31
                 	OUT  SREG,R30
                 	.ENDM
                 
                 
                 	.MACRO __PUTB1SN
                 	LDD  R26,Y+@0
                 	LDD  R27,Y+@0+1
                 	SUBI R26,LOW(-@1)
                 	SBCI R27,HIGH(-@1)
                 	ST   X,R30
                 	.ENDM
                 
                 	.MACRO __PUTW1SN
                 	LDD  R26,Y+@0
                 	LDD  R27,Y+@0+1
                 	SUBI R26,LOW(-@1)
                 	SBCI R27,HIGH(-@1)
                 	ST   X+,R30
                 	ST   X,R31
                 	.ENDM
                 
                 	.MACRO __PUTD1SN
                 	LDD  R26,Y+@0
                 	LDD  R27,Y+@0+1
                 	SUBI R26,LOW(-@1)
                 	SBCI R27,HIGH(-@1)
                 	CALL __PUTDP1
                 	.ENDM
                 
                 	.MACRO __PUTB1SNS
                 	LDD  R26,Y+@0
                 	LDD  R27,Y+@0+1
                 	ADIW R26,@1
                 	ST   X,R30
                 	.ENDM
                 
                 	.MACRO __PUTW1SNS
                 	LDD  R26,Y+@0
                 	LDD  R27,Y+@0+1
                 	ADIW R26,@1
                 	ST   X+,R30
                 	ST   X,R31
                 	.ENDM
                 
                 	.MACRO __PUTD1SNS
                 	LDD  R26,Y+@0
                 	LDD  R27,Y+@0+1
                 	ADIW R26,@1
                 	CALL __PUTDP1
                 	.ENDM
                 
                 	.MACRO __PUTB1PMN
                 	LDS  R26,@0
                 	LDS  R27,@0+1
                 	SUBI R26,LOW(-@1)
                 	SBCI R27,HIGH(-@1)
                 	ST   X,R30
                 	.ENDM
                 
                 	.MACRO __PUTW1PMN
                 	LDS  R26,@0
                 	LDS  R27,@0+1
                 	SUBI R26,LOW(-@1)
                 	SBCI R27,HIGH(-@1)
                 	ST   X+,R30
                 	ST   X,R31
                 	.ENDM
                 
                 	.MACRO __PUTD1PMN
                 	LDS  R26,@0
                 	LDS  R27,@0+1
                 	SUBI R26,LOW(-@1)
                 	SBCI R27,HIGH(-@1)
                 	CALL __PUTDP1
                 	.ENDM
                 
                 	.MACRO __PUTB1PMNS
                 	LDS  R26,@0
                 	LDS  R27,@0+1
                 	ADIW R26,@1
                 	ST   X,R30
                 	.ENDM
                 
                 	.MACRO __PUTW1PMNS
                 	LDS  R26,@0
                 	LDS  R27,@0+1
                 	ADIW R26,@1
                 	ST   X+,R30
                 	ST   X,R31
                 	.ENDM
                 
                 	.MACRO __PUTD1PMNS
                 	LDS  R26,@0
                 	LDS  R27,@0+1
                 	ADIW R26,@1
                 	CALL __PUTDP1
                 	.ENDM
                 
                 	.MACRO __PUTB1RN
                 	MOVW R26,R@0
                 	SUBI R26,LOW(-@1)
                 	SBCI R27,HIGH(-@1)
                 	ST   X,R30
                 	.ENDM
                 
                 	.MACRO __PUTW1RN
                 	MOVW R26,R@0
                 	SUBI R26,LOW(-@1)
                 	SBCI R27,HIGH(-@1)
                 	ST   X+,R30
                 	ST   X,R31
                 	.ENDM
                 
                 	.MACRO __PUTD1RN
                 	MOVW R26,R@0
                 	SUBI R26,LOW(-@1)
                 	SBCI R27,HIGH(-@1)
                 	CALL __PUTDP1
                 	.ENDM
                 
                 	.MACRO __PUTB1RNS
                 	MOVW R26,R@0
                 	ADIW R26,@1
                 	ST   X,R30
                 	.ENDM
                 
                 	.MACRO __PUTW1RNS
                 	MOVW R26,R@0
                 	ADIW R26,@1
                 	ST   X+,R30
                 	ST   X,R31
                 	.ENDM
                 
                 	.MACRO __PUTD1RNS
                 	MOVW R26,R@0
                 	ADIW R26,@1
                 	CALL __PUTDP1
                 	.ENDM
                 
                 	.MACRO __PUTB1RON
                 	MOV  R26,R@0
                 	MOV  R27,R@1
                 	SUBI R26,LOW(-@2)
                 	SBCI R27,HIGH(-@2)
                 	ST   X,R30
                 	.ENDM
                 
                 	.MACRO __PUTW1RON
                 	MOV  R26,R@0
                 	MOV  R27,R@1
                 	SUBI R26,LOW(-@2)
                 	SBCI R27,HIGH(-@2)
                 	ST   X+,R30
                 	ST   X,R31
                 	.ENDM
                 
                 	.MACRO __PUTD1RON
                 	MOV  R26,R@0
                 	MOV  R27,R@1
                 	SUBI R26,LOW(-@2)
                 	SBCI R27,HIGH(-@2)
                 	CALL __PUTDP1
                 	.ENDM
                 
                 	.MACRO __PUTB1RONS
                 	MOV  R26,R@0
                 	MOV  R27,R@1
                 	ADIW R26,@2
                 	ST   X,R30
                 	.ENDM
                 
                 	.MACRO __PUTW1RONS
                 	MOV  R26,R@0
                 	MOV  R27,R@1
                 	ADIW R26,@2
                 	ST   X+,R30
                 	ST   X,R31
                 	.ENDM
                 
                 	.MACRO __PUTD1RONS
                 	MOV  R26,R@0
                 	MOV  R27,R@1
                 	ADIW R26,@2
                 	CALL __PUTDP1
                 	.ENDM
                 
                 
                 	.MACRO __GETB1SX
                 	MOVW R30,R28
                 	SUBI R30,LOW(-@0)
                 	SBCI R31,HIGH(-@0)
                 	LD   R30,Z
                 	.ENDM
                 
                 	.MACRO __GETB1HSX
                 	MOVW R30,R28
                 	SUBI R30,LOW(-@0)
                 	SBCI R31,HIGH(-@0)
                 	LD   R31,Z
                 	.ENDM
                 
                 	.MACRO __GETW1SX
                 	MOVW R30,R28
                 	SUBI R30,LOW(-@0)
                 	SBCI R31,HIGH(-@0)
                 	LD   R0,Z+
                 	LD   R31,Z
                 	MOV  R30,R0
                 	.ENDM
                 
                 	.MACRO __GETD1SX
                 	MOVW R30,R28
                 	SUBI R30,LOW(-@0)
                 	SBCI R31,HIGH(-@0)
                 	LD   R0,Z+
                 	LD   R1,Z+
                 	LD   R22,Z+
                 	LD   R23,Z
                 	MOVW R30,R0
                 	.ENDM
                 
                 	.MACRO __GETB2SX
                 	MOVW R26,R28
                 	SUBI R26,LOW(-@0)
                 	SBCI R27,HIGH(-@0)
                 	LD   R26,X
                 	.ENDM
                 
                 	.MACRO __GETW2SX
                 	MOVW R26,R28
                 	SUBI R26,LOW(-@0)
                 	SBCI R27,HIGH(-@0)
                 	LD   R0,X+
                 	LD   R27,X
                 	MOV  R26,R0
                 	.ENDM
                 
                 	.MACRO __GETD2SX
                 	MOVW R26,R28
                 	SUBI R26,LOW(-@0)
                 	SBCI R27,HIGH(-@0)
                 	LD   R0,X+
                 	LD   R1,X+
                 	LD   R24,X+
                 	LD   R25,X
                 	MOVW R26,R0
                 	.ENDM
                 
                 	.MACRO __GETBRSX
                 	MOVW R30,R28
                 	SUBI R30,LOW(-@1)
                 	SBCI R31,HIGH(-@1)
                 	LD   R@0,Z
                 	.ENDM
                 
                 	.MACRO __GETWRSX
                 	MOVW R30,R28
                 	SUBI R30,LOW(-@2)
                 	SBCI R31,HIGH(-@2)
                 	LD   R@0,Z+
                 	LD   R@1,Z
                 	.ENDM
                 
                 	.MACRO __GETBRSX2
                 	MOVW R26,R28
                 	SUBI R26,LOW(-@1)
                 	SBCI R27,HIGH(-@1)
                 	LD   R@0,X
                 	.ENDM
                 
                 	.MACRO __GETWRSX2
                 	MOVW R26,R28
                 	SUBI R26,LOW(-@2)
                 	SBCI R27,HIGH(-@2)
                 	LD   R@0,X+
                 	LD   R@1,X
                 	.ENDM
                 
                 	.MACRO __LSLW8SX
                 	MOVW R30,R28
                 	SUBI R30,LOW(-@0)
                 	SBCI R31,HIGH(-@0)
                 	LD   R31,Z
                 	CLR  R30
                 	.ENDM
                 
                 	.MACRO __PUTB1SX
                 	MOVW R26,R28
                 	SUBI R26,LOW(-@0)
                 	SBCI R27,HIGH(-@0)
                 	ST   X,R30
                 	.ENDM
                 
                 	.MACRO __PUTW1SX
                 	MOVW R26,R28
                 	SUBI R26,LOW(-@0)
                 	SBCI R27,HIGH(-@0)
                 	ST   X+,R30
                 	ST   X,R31
                 	.ENDM
                 
                 	.MACRO __PUTD1SX
                 	MOVW R26,R28
                 	SUBI R26,LOW(-@0)
                 	SBCI R27,HIGH(-@0)
                 	ST   X+,R30
                 	ST   X+,R31
                 	ST   X+,R22
                 	ST   X,R23
                 	.ENDM
                 
                 	.MACRO __CLRW1SX
                 	MOVW R26,R28
                 	SUBI R26,LOW(-@0)
                 	SBCI R27,HIGH(-@0)
                 	ST   X+,R30
                 	ST   X,R30
                 	.ENDM
                 
                 	.MACRO __CLRD1SX
                 	MOVW R26,R28
                 	SUBI R26,LOW(-@0)
                 	SBCI R27,HIGH(-@0)
                 	ST   X+,R30
                 	ST   X+,R30
                 	ST   X+,R30
                 	ST   X,R30
                 	.ENDM
                 
                 	.MACRO __PUTB2SX
                 	MOVW R30,R28
                 	SUBI R30,LOW(-@0)
                 	SBCI R31,HIGH(-@0)
                 	ST   Z,R26
                 	.ENDM
                 
                 	.MACRO __PUTW2SX
                 	MOVW R30,R28
                 	SUBI R30,LOW(-@0)
                 	SBCI R31,HIGH(-@0)
                 	ST   Z+,R26
                 	ST   Z,R27
                 	.ENDM
                 
                 	.MACRO __PUTD2SX
                 	MOVW R30,R28
                 	SUBI R30,LOW(-@0)
                 	SBCI R31,HIGH(-@0)
                 	ST   Z+,R26
                 	ST   Z+,R27
                 	ST   Z+,R24
                 	ST   Z,R25
                 	.ENDM
                 
                 	.MACRO __PUTBSRX
                 	MOVW R30,R28
                 	SUBI R30,LOW(-@1)
                 	SBCI R31,HIGH(-@1)
                 	ST   Z,R@0
                 	.ENDM
                 
                 	.MACRO __PUTWSRX
                 	MOVW R30,R28
                 	SUBI R30,LOW(-@2)
                 	SBCI R31,HIGH(-@2)
                 	ST   Z+,R@0
                 	ST   Z,R@1
                 	.ENDM
                 
                 	.MACRO __PUTB1SNX
                 	MOVW R26,R28
                 	SUBI R26,LOW(-@0)
                 	SBCI R27,HIGH(-@0)
                 	LD   R0,X+
                 	LD   R27,X
                 	MOV  R26,R0
                 	SUBI R26,LOW(-@1)
                 	SBCI R27,HIGH(-@1)
                 	ST   X,R30
                 	.ENDM
                 
                 	.MACRO __PUTW1SNX
                 	MOVW R26,R28
                 	SUBI R26,LOW(-@0)
                 	SBCI R27,HIGH(-@0)
                 	LD   R0,X+
                 	LD   R27,X
                 	MOV  R26,R0
                 	SUBI R26,LOW(-@1)
                 	SBCI R27,HIGH(-@1)
                 	ST   X+,R30
                 	ST   X,R31
                 	.ENDM
                 
                 	.MACRO __PUTD1SNX
                 	MOVW R26,R28
                 	SUBI R26,LOW(-@0)
                 	SBCI R27,HIGH(-@0)
                 	LD   R0,X+
                 	LD   R27,X
                 	MOV  R26,R0
                 	SUBI R26,LOW(-@1)
                 	SBCI R27,HIGH(-@1)
                 	ST   X+,R30
                 	ST   X+,R31
                 	ST   X+,R22
                 	ST   X,R23
                 	.ENDM
                 
                 	.MACRO __MULBRR
                 	MULS R@0,R@1
                 	MOVW R30,R0
                 	.ENDM
                 
                 	.MACRO __MULBRRU
                 	MUL  R@0,R@1
                 	MOVW R30,R0
                 	.ENDM
                 
                 	.MACRO __MULBRR0
                 	MULS R@0,R@1
                 	.ENDM
                 
                 	.MACRO __MULBRRU0
                 	MUL  R@0,R@1
                 	.ENDM
                 
                 	.MACRO __MULBNWRU
                 	LDI  R26,@2
                 	MUL  R26,R@0
                 	MOVW R30,R0
                 	MUL  R26,R@1
                 	ADD  R31,R0
                 	.ENDM
                 
                 ;NAME DEFINITIONS FOR GLOBAL VARIABLES ALLOCATED TO REGISTERS
                 	.DEF _c=R4
                 	.DEF _d=R6
                 	.DEF _temp=R8
                 	.DEF _dd=R10
                 	.DEF _i=R13
                 	.DEF __lcd_x=R12
                 
                 	.CSEG
                 	.ORG 0x00
                 
                 ;START OF CODE MARKER
                 __START_OF_CODE:
                 
                 ;INTERRUPT VECTORS
000000 940c 0048 	JMP  __RESET
000002 940c 0000 	JMP  0x00
000004 940c 0000 	JMP  0x00
000006 940c 0000 	JMP  0x00
000008 940c 0000 	JMP  0x00
00000a 940c 0000 	JMP  0x00
00000c 940c 0000 	JMP  0x00
00000e 940c 0000 	JMP  0x00
000010 940c 0000 	JMP  0x00
000012 940c 0000 	JMP  0x00
000014 940c 0000 	JMP  0x00
000016 940c 0000 	JMP  0x00
000018 940c 0000 	JMP  0x00
00001a 940c 0000 	JMP  0x00
00001c 940c 0000 	JMP  0x00
00001e 940c 0000 	JMP  0x00
000020 940c 0077 	JMP  _adc_isr
000022 940c 0000 	JMP  0x00
000024 940c 0000 	JMP  0x00
000026 940c 0000 	JMP  0x00
000028 940c 0000 	JMP  0x00
                 
                 _tbl10_G100:
00002a 2710
00002b 03e8
00002c 0064
00002d 000a      	.DB  0x10,0x27,0xE8,0x3,0x64,0x0,0xA,0x0
00002e 0001      	.DB  0x1,0x0
                 _tbl16_G100:
00002f 1000
000030 0100
000031 0010
000032 0001      	.DB  0x0,0x10,0x0,0x1,0x10,0x0,0x1,0x0
                 
                 _0x8:
000033 0000
000034 0000      	.DB  0x0,0x0,0x0,0x0
                 _0x0:
000035 6461
000036 3a63
000037 2520
000038 0064      	.DB  0x61,0x64,0x63,0x3A,0x20,0x25,0x64,0x0
000039 6554
00003a 706d
00003b 4920
00003c 3a73      	.DB  0x54,0x65,0x6D,0x70,0x20,0x49,0x73,0x3A
00003d 6425
00003e 4f20
00003f 0043      	.DB  0x25,0x64,0x20,0x4F,0x43,0x0
                 _0x2020003:
000040 c080      	.DB  0x80,0xC0
                 
                 __GLOBAL_INI_TBL:
000041 0004      	.DW  0x04
000042 0004      	.DW  0x04
000043 0066      	.DW  _0x8*2
                 
000044 0002      	.DW  0x02
000045 0276      	.DW  __base_y_G101
000046 0080      	.DW  _0x2020003*2
                 
                 _0xFFFFFFFF:
000047 0000      	.DW  0
                 
                 __RESET:
000048 94f8      	CLI
000049 27ee      	CLR  R30
00004a bbec      	OUT  EECR,R30
                 
                 ;INTERRUPT VECTORS ARE PLACED
                 ;AT THE START OF FLASH
00004b e0f1      	LDI  R31,1
00004c bff5      	OUT  MCUCR,R31
00004d bfe5      	OUT  MCUCR,R30
                 
                 ;DISABLE WATCHDOG
00004e e1f8      	LDI  R31,0x18
00004f bdf1      	OUT  WDTCR,R31
000050 bde1      	OUT  WDTCR,R30
                 
                 ;CLEAR R2-R14
000051 e08d      	LDI  R24,(14-2)+1
000052 e0a2      	LDI  R26,2
000053 27bb      	CLR  R27
                 __CLEAR_REG:
000054 93ed      	ST   X+,R30
000055 958a      	DEC  R24
000056 f7e9      	BRNE __CLEAR_REG
                 
                 ;CLEAR SRAM
000057 e080      	LDI  R24,LOW(__CLEAR_SRAM_SIZE)
000058 e098      	LDI  R25,HIGH(__CLEAR_SRAM_SIZE)
000059 e6a0      	LDI  R26,__SRAM_START
                 __CLEAR_SRAM:
00005a 93ed      	ST   X+,R30
00005b 9701      	SBIW R24,1
00005c f7e9      	BRNE __CLEAR_SRAM
                 
                 ;GLOBAL VARIABLES INITIALIZATION
00005d e8e2      	LDI  R30,LOW(__GLOBAL_INI_TBL*2)
00005e e0f0      	LDI  R31,HIGH(__GLOBAL_INI_TBL*2)
                 __GLOBAL_INI_NEXT:
00005f 9185      	LPM  R24,Z+
000060 9195      	LPM  R25,Z+
000061 9700      	SBIW R24,0
000062 f061      	BREQ __GLOBAL_INI_END
000063 91a5      	LPM  R26,Z+
000064 91b5      	LPM  R27,Z+
000065 9005      	LPM  R0,Z+
000066 9015      	LPM  R1,Z+
000067 01bf      	MOVW R22,R30
000068 01f0      	MOVW R30,R0
                 __GLOBAL_INI_LOOP:
000069 9005      	LPM  R0,Z+
00006a 920d      	ST   X+,R0
00006b 9701      	SBIW R24,1
00006c f7e1      	BRNE __GLOBAL_INI_LOOP
00006d 01fb      	MOVW R30,R22
00006e cff0      	RJMP __GLOBAL_INI_NEXT
                 __GLOBAL_INI_END:
                 
                 ;HARDWARE STACK POINTER INITIALIZATION
00006f e5ef      	LDI  R30,LOW(__SRAM_END-__HEAP_SIZE)
000070 bfed      	OUT  SPL,R30
000071 e0e8      	LDI  R30,HIGH(__SRAM_END-__HEAP_SIZE)
000072 bfee      	OUT  SPH,R30
                 
                 ;DATA STACK POINTER INITIALIZATION
000073 e6c0      	LDI  R28,LOW(__SRAM_START+__DSTACK_SIZE)
000074 e0d2      	LDI  R29,HIGH(__SRAM_START+__DSTACK_SIZE)
                 
000075 940c 0096 	JMP  _main
                 
                 	.ESEG
                 	.ORG 0
                 
                 	.DSEG
                 	.ORG 0x260
                 
                 	.CSEG
                 ;/*****************************************************
                 ;This program was produced by the
                 ;CodeWizardAVR V2.05.3 Standard
                 ;Automatic Program Generator
                 ;© Copyright 1998-2011 Pavel Haiduc, HP InfoTech s.r.l.
                 ;http://www.hpinfotech.com
                 ;
                 ;Project :  LM35 Analogto Digital Converter-ADC
                 ;Version :
                 ;Date    : 2012/07/25
                 ;Author  : Jalal.Gholami Iran-Yazd
                 ;Company : eft-ele.blogfa.com
                 ;Comments:
                 ;
                 ;
                 ;Chip type               : ATmega32A
                 ;Program type            : Application
                 ;AVR Core Clock frequency: 8.000000 MHz
                 ;Memory model            : Small
                 ;External RAM size       : 0
                 ;Data Stack size         : 512
                 ;*****************************************************/
                 ;
                 ;#include <mega32a.h>
                 	#ifndef __SLEEP_DEFINED__
                 	#define __SLEEP_DEFINED__
                 	.EQU __se_bit=0x80
                 	.EQU __sm_mask=0x70
                 	.EQU __sm_powerdown=0x20
                 	.EQU __sm_powersave=0x30
                 	.EQU __sm_standby=0x60
                 	.EQU __sm_ext_standby=0x70
                 	.EQU __sm_adc_noise_red=0x10
                 	.SET power_ctrl_reg=mcucr
                 	#endif
                 ;#include <stdio.h>
                 ;#include <delay.h>
                 ;int c=0,d=0,temp,dd;
                 ;unsigned char f[20];
                 ;char i;
                 ;// Alphanumeric LCD functions
                 ;#include <alcd.h>
                 ;
                 ;unsigned int adc_data;
                 ;#define ADC_VREF_TYPE 0xC0
                 ;
                 ;// ADC interrupt service routine
                 ;interrupt [ADC_INT] void adc_isr(void)
                 ; 0000 0026 {
                 
                 	.CSEG
                 _adc_isr:
000077 93ea      	ST   -Y,R30
000078 93fa      	ST   -Y,R31
                 ; 0000 0027 
                 ; 0000 0028 
                 ; 0000 0029 adc_data=ADCW;
000079 b1e4      	IN   R30,0x4
00007a b1f5      	IN   R31,0x4+1
00007b 93e0 0274 	STS  _adc_data,R30
00007d 93f0 0275 	STS  _adc_data+1,R31
                 ; 0000 002A }
00007f 91f9      	LD   R31,Y+
000080 91e9      	LD   R30,Y+
000081 9518      	RETI
                 ;
                 ;// Read the AD conversion result
                 ;// with noise canceling
                 ;unsigned int read_adc(unsigned char adc_input)
                 ; 0000 002F {
                 _read_adc:
                 ; 0000 0030 ADMUX=adc_input | (ADC_VREF_TYPE & 0xff);
000082 93aa      	ST   -Y,R26
                 ;	adc_input -> Y+0
000083 81e8      	LD   R30,Y
000084 6ce0      	ORI  R30,LOW(0xC0)
000085 b9e7      	OUT  0x7,R30
                 ; 0000 0031 // Delay needed for the stabilization of the ADC input voltage
                 ; 0000 0032 delay_us(10);
                +
000086 e18b     +LDI R24 , LOW ( 27 )
                +__DELAY_USB_LOOP :
000087 958a     +DEC R24
000088 f7f1     +BRNE __DELAY_USB_LOOP
                 	__DELAY_USB 27
                 ; 0000 0033 #asm
                 ; 0000 0034     in   r30,mcucr
000089 b7e5          in   r30,mcucr
                 ; 0000 0035     cbr  r30,__sm_mask
00008a 78ef          cbr  r30,__sm_mask
                 ; 0000 0036     sbr  r30,__se_bit | __sm_adc_noise_red
00008b 69e0          sbr  r30,__se_bit | __sm_adc_noise_red
                 ; 0000 0037     out  mcucr,r30
00008c bfe5          out  mcucr,r30
                 ; 0000 0038     sleep
00008d 9588          sleep
                 ; 0000 0039     cbr  r30,__se_bit
00008e 77ef          cbr  r30,__se_bit
                 ; 0000 003A     out  mcucr,r30
00008f bfe5          out  mcucr,r30
                 ; 0000 003B #endasm
                 ; 0000 003C return adc_data;
000090 91e0 0274 	LDS  R30,_adc_data
000092 91f0 0275 	LDS  R31,_adc_data+1
000094 940c 0337 	JMP  _0x2080001
                 ; 0000 003D }
                 ;
                 ;// Declare your global variables here
                 ;
                 ;void main(void)
                 ; 0000 0042 {
                 _main:
                 ; 0000 0043 // Declare your local variables here
                 ; 0000 0044 
                 ; 0000 0045 // Input/Output Ports initialization
                 ; 0000 0046 // Port A initialization
                 ; 0000 0047 // Func7=In Func6=In Func5=In Func4=In Func3=In Func2=In Func1=In Func0=In
                 ; 0000 0048 // State7=T State6=T State5=T State4=T State3=T State2=T State1=T State0=T
                 ; 0000 0049 PORTA=0x00;
000096 e0e0      	LDI  R30,LOW(0)
000097 bbeb      	OUT  0x1B,R30
                 ; 0000 004A DDRA=0x00;
000098 bbea      	OUT  0x1A,R30
                 ; 0000 004B 
                 ; 0000 004C // Port B initialization
                 ; 0000 004D // Func7=In Func6=In Func5=In Func4=In Func3=In Func2=In Func1=In Func0=In
                 ; 0000 004E // State7=T State6=T State5=T State4=T State3=T State2=T State1=T State0=T
                 ; 0000 004F PORTB=0x00;
000099 bbe8      	OUT  0x18,R30
                 ; 0000 0050 DDRB=0x00;
00009a bbe7      	OUT  0x17,R30
                 ; 0000 0051 
                 ; 0000 0052 // Port C initialization
                 ; 0000 0053 // Func7=In Func6=In Func5=In Func4=In Func3=In Func2=In Func1=In Func0=In
                 ; 0000 0054 // State7=T State6=T State5=T State4=T State3=T State2=T State1=T State0=T
                 ; 0000 0055 PORTC=0x00;
00009b bbe5      	OUT  0x15,R30
                 ; 0000 0056 DDRC=0x00;
00009c bbe4      	OUT  0x14,R30
                 ; 0000 0057 
                 ; 0000 0058 // Port D initialization
                 ; 0000 0059 // Func7=In Func6=In Func5=In Func4=In Func3=In Func2=In Func1=In Func0=In
                 ; 0000 005A // State7=T State6=T State5=T State4=T State3=T State2=T State1=T State0=T
                 ; 0000 005B PORTD=0x00;
00009d bbe2      	OUT  0x12,R30
                 ; 0000 005C DDRD=0x00;
00009e bbe1      	OUT  0x11,R30
                 ; 0000 005D 
                 ; 0000 005E // Timer/Counter 0 initialization
                 ; 0000 005F // Clock source: System Clock
                 ; 0000 0060 // Clock value: Timer 0 Stopped
                 ; 0000 0061 // Mode: Normal top=0xFF
                 ; 0000 0062 // OC0 output: Disconnected
                 ; 0000 0063 TCCR0=0x00;
00009f bfe3      	OUT  0x33,R30
                 ; 0000 0064 TCNT0=0x00;
0000a0 bfe2      	OUT  0x32,R30
                 ; 0000 0065 OCR0=0x00;
0000a1 bfec      	OUT  0x3C,R30
                 ; 0000 0066 
                 ; 0000 0067 // Timer/Counter 1 initialization
                 ; 0000 0068 // Clock source: System Clock
                 ; 0000 0069 // Clock value: Timer1 Stopped
                 ; 0000 006A // Mode: Normal top=0xFFFF
                 ; 0000 006B // OC1A output: Discon.
                 ; 0000 006C // OC1B output: Discon.
                 ; 0000 006D // Noise Canceler: Off
                 ; 0000 006E // Input Capture on Falling Edge
                 ; 0000 006F // Timer1 Overflow Interrupt: Off
                 ; 0000 0070 // Input Capture Interrupt: Off
                 ; 0000 0071 // Compare A Match Interrupt: Off
                 ; 0000 0072 // Compare B Match Interrupt: Off
                 ; 0000 0073 TCCR1A=0x00;
0000a2 bdef      	OUT  0x2F,R30
                 ; 0000 0074 TCCR1B=0x00;
0000a3 bdee      	OUT  0x2E,R30
                 ; 0000 0075 TCNT1H=0x00;
0000a4 bded      	OUT  0x2D,R30
                 ; 0000 0076 TCNT1L=0x00;
0000a5 bdec      	OUT  0x2C,R30
                 ; 0000 0077 ICR1H=0x00;
0000a6 bde7      	OUT  0x27,R30
                 ; 0000 0078 ICR1L=0x00;
0000a7 bde6      	OUT  0x26,R30
                 ; 0000 0079 OCR1AH=0x00;
0000a8 bdeb      	OUT  0x2B,R30
                 ; 0000 007A OCR1AL=0x00;
0000a9 bdea      	OUT  0x2A,R30
                 ; 0000 007B OCR1BH=0x00;
0000aa bde9      	OUT  0x29,R30
                 ; 0000 007C OCR1BL=0x00;
0000ab bde8      	OUT  0x28,R30
                 ; 0000 007D 
                 ; 0000 007E // Timer/Counter 2 initialization
                 ; 0000 007F // Clock source: System Clock
                 ; 0000 0080 // Clock value: Timer2 Stopped
                 ; 0000 0081 // Mode: Normal top=0xFF
                 ; 0000 0082 // OC2 output: Disconnected
                 ; 0000 0083 ASSR=0x00;
0000ac bde2      	OUT  0x22,R30
                 ; 0000 0084 TCCR2=0x00;
0000ad bde5      	OUT  0x25,R30
                 ; 0000 0085 TCNT2=0x00;
0000ae bde4      	OUT  0x24,R30
                 ; 0000 0086 OCR2=0x00;
0000af bde3      	OUT  0x23,R30
                 ; 0000 0087 
                 ; 0000 0088 // External Interrupt(s) initialization
                 ; 0000 0089 // INT0: Off
                 ; 0000 008A // INT1: Off
                 ; 0000 008B // INT2: Off
                 ; 0000 008C MCUCR=0x00;
0000b0 bfe5      	OUT  0x35,R30
                 ; 0000 008D MCUCSR=0x00;
0000b1 bfe4      	OUT  0x34,R30
                 ; 0000 008E 
                 ; 0000 008F // Timer(s)/Counter(s) Interrupt(s) initialization
                 ; 0000 0090 TIMSK=0x00;
0000b2 bfe9      	OUT  0x39,R30
                 ; 0000 0091 
                 ; 0000 0092 // USART initialization
                 ; 0000 0093 // USART disabled
                 ; 0000 0094 UCSRB=0x00;
0000b3 b9ea      	OUT  0xA,R30
                 ; 0000 0095 
                 ; 0000 0096 // Analog Comparator initialization
                 ; 0000 0097 // Analog Comparator: Off
                 ; 0000 0098 // Analog Comparator Input Capture by Timer/Counter 1: Off
                 ; 0000 0099 ACSR=0x80;
0000b4 e8e0      	LDI  R30,LOW(128)
0000b5 b9e8      	OUT  0x8,R30
                 ; 0000 009A SFIOR=0x00;
0000b6 e0e0      	LDI  R30,LOW(0)
0000b7 bfe0      	OUT  0x30,R30
                 ; 0000 009B 
                 ; 0000 009C // ADC initialization
                 ; 0000 009D // ADC Clock frequency: 62.500 kHz
                 ; 0000 009E // ADC Voltage Reference: Int., cap. on AREF
                 ; 0000 009F ADMUX=ADC_VREF_TYPE & 0xff;
0000b8 ece0      	LDI  R30,LOW(192)
0000b9 b9e7      	OUT  0x7,R30
                 ; 0000 00A0 ADCSRA=0x8F;
0000ba e8ef      	LDI  R30,LOW(143)
0000bb b9e6      	OUT  0x6,R30
                 ; 0000 00A1 
                 ; 0000 00A2 // SPI initialization
                 ; 0000 00A3 // SPI disabled
                 ; 0000 00A4 SPCR=0x00;
0000bc e0e0      	LDI  R30,LOW(0)
0000bd b9ed      	OUT  0xD,R30
                 ; 0000 00A5 
                 ; 0000 00A6 // TWI initialization
                 ; 0000 00A7 // TWI disabled
                 ; 0000 00A8 TWCR=0x00;
0000be bfe6      	OUT  0x36,R30
                 ; 0000 00A9 
                 ; 0000 00AA // Alphanumeric LCD initialization
                 ; 0000 00AB // Connections are specified in the
                 ; 0000 00AC // Project|Configure|C Compiler|Libraries|Alphanumeric LCD menu:
                 ; 0000 00AD // RS - PORTC Bit 0
                 ; 0000 00AE // RD - PORTC Bit 1
                 ; 0000 00AF // EN - PORTC Bit 2
                 ; 0000 00B0 // D4 - PORTC Bit 4
                 ; 0000 00B1 // D5 - PORTC Bit 5
                 ; 0000 00B2 // D6 - PORTC Bit 6
                 ; 0000 00B3 // D7 - PORTC Bit 7
                 ; 0000 00B4 // Characters/line: 16
                 ; 0000 00B5 lcd_init(16);
0000bf e1a0      	LDI  R26,LOW(16)
0000c0 940e 030a 	CALL _lcd_init
                 ; 0000 00B6 
                 ; 0000 00B7 // Global enable interrupts
                 ; 0000 00B8 #asm("sei")
0000c2 9478      	sei
                 ; 0000 00B9 
                 ; 0000 00BA while (1)
                 _0x3:
                 ; 0000 00BB       {
                 ; 0000 00BC      c=read_adc(0);
0000c3 e0a0      	LDI  R26,LOW(0)
0000c4 dfbd      	RCALL _read_adc
0000c5 012f      	MOVW R4,R30
                 ; 0000 00BD          lcd_gotoxy(0,1);
0000c6 e0e0      	LDI  R30,LOW(0)
0000c7 93ea      	ST   -Y,R30
0000c8 e0a1      	LDI  R26,LOW(1)
0000c9 940e 0352 	CALL SUBOPT_0x0
                 ; 0000 00BE          sprintf(f,"adc: %d",c);
                +
0000cb e6ea     +LDI R30 , LOW ( 2 * _0x0 + ( 0 ) )
0000cc e0f0     +LDI R31 , HIGH ( 2 * _0x0 + ( 0 ) )
                 	__POINTW1FN _0x0,0
0000cd 93fa      	ST   -Y,R31
0000ce 93ea      	ST   -Y,R30
0000cf 01f2      	MOVW R30,R4
0000d0 940e 0359 	CALL SUBOPT_0x1
                 ; 0000 00BF          lcd_puts(f);
                 ; 0000 00C0          delay_ms(500);
                 ; 0000 00C1     i++;
0000d2 94d3      	INC  R13
                 ; 0000 00C2     d=c+d;
                +
0000d3 0c64     +ADD R6 , R4
0000d4 1c75     +ADC R7 , R5
                 	__ADDWRR 6,7,4,5
                 ; 0000 00C3         if(i==5){
0000d5 e0e5      	LDI  R30,LOW(5)
0000d6 15ed      	CP   R30,R13
0000d7 f449      	BRNE _0x6
                 ; 0000 00C4         dd=d/5;
0000d8 01d3      	MOVW R26,R6
0000d9 e0e5      	LDI  R30,LOW(5)
0000da e0f0      	LDI  R31,HIGH(5)
0000db 940e 03cd 	CALL __DIVW21
0000dd 015f      	MOVW R10,R30
                 ; 0000 00C5         i=0;
0000de 24dd      	CLR  R13
                 ; 0000 00C6         d=0;}
0000df 2466      	CLR  R6
0000e0 2477      	CLR  R7
                 ; 0000 00C7            temp=((dd*256)/1024);
                 _0x6:
0000e1 2dba      	MOV  R27,R10
0000e2 e0a0      	LDI  R26,LOW(0)
0000e3 e0e0      	LDI  R30,LOW(1024)
0000e4 e0f4      	LDI  R31,HIGH(1024)
0000e5 940e 03cd 	CALL __DIVW21
0000e7 014f      	MOVW R8,R30
                 ; 0000 00C8            lcd_clear();
0000e8 940e 02d2 	CALL _lcd_clear
                 ; 0000 00C9            lcd_gotoxy(0,0);
0000ea e0e0      	LDI  R30,LOW(0)
0000eb 93ea      	ST   -Y,R30
0000ec e0a0      	LDI  R26,LOW(0)
0000ed 940e 0352 	CALL SUBOPT_0x0
                 ; 0000 00CA            sprintf(f,"Temp Is:%d OC",temp);
                +
0000ef e7e2     +LDI R30 , LOW ( 2 * _0x0 + ( 8 ) )
0000f0 e0f0     +LDI R31 , HIGH ( 2 * _0x0 + ( 8 ) )
                 	__POINTW1FN _0x0,8
0000f1 93fa      	ST   -Y,R31
0000f2 93ea      	ST   -Y,R30
0000f3 01f4      	MOVW R30,R8
0000f4 940e 0359 	CALL SUBOPT_0x1
                 ; 0000 00CB            lcd_puts(f);
                 ; 0000 00CC            delay_ms(500);
                 ; 0000 00CD       }
0000f6 cfcc      	RJMP _0x3
                 ; 0000 00CE }
                 _0x7:
0000f7 cfff      	RJMP _0x7
                 	#ifndef __SLEEP_DEFINED__
                 	#endif
                 
                 	.CSEG
                 _put_buff_G100:
0000f8 93ba      	ST   -Y,R27
0000f9 93aa      	ST   -Y,R26
0000fa 931a      	ST   -Y,R17
0000fb 930a      	ST   -Y,R16
0000fc 81aa      	LDD  R26,Y+2
0000fd 81bb      	LDD  R27,Y+2+1
0000fe 9612      	ADIW R26,2
0000ff 940e 03e0 	CALL __GETW1P
000101 9730      	SBIW R30,0
000102 f159      	BREQ _0x2000010
000103 81aa      	LDD  R26,Y+2
000104 81bb      	LDD  R27,Y+2+1
000105 9614      	ADIW R26,4
000106 940e 03e0 	CALL __GETW1P
000108 018f      	MOVW R16,R30
000109 9730      	SBIW R30,0
00010a f061      	BREQ _0x2000012
                +
00010b 3002     +CPI R16 , LOW ( 2 )
00010c e0e0     +LDI R30 , HIGH ( 2 )
00010d 071e     +CPC R17 , R30
                 	__CPWRN 16,17,2
00010e f0f0      	BRLO _0x2000013
00010f 01f8      	MOVW R30,R16
000110 9731      	SBIW R30,1
000111 018f      	MOVW R16,R30
                +
000112 81aa     +LDD R26 , Y + 2
000113 81bb     +LDD R27 , Y + 2 + 1
000114 9614     +ADIW R26 , 4
000115 93ed     +ST X + , R30
000116 93fc     +ST X , R31
                 	__PUTW1SNS 2,4
                 _0x2000012:
000117 81aa      	LDD  R26,Y+2
000118 81bb      	LDD  R27,Y+2+1
000119 9612      	ADIW R26,2
00011a 91ed      	LD   R30,X+
00011b 91fd      	LD   R31,X+
00011c 9631      	ADIW R30,1
00011d 93fe      	ST   -X,R31
00011e 93ee      	ST   -X,R30
00011f 9731      	SBIW R30,1
000120 81ac      	LDD  R26,Y+4
000121 83a0      	STD  Z+0,R26
000122 81aa      	LDD  R26,Y+2
000123 81bb      	LDD  R27,Y+2+1
000124 940e 03e0 	CALL __GETW1P
000126 23ff      	TST  R31
000127 f02a      	BRMI _0x2000014
000128 91ed      	LD   R30,X+
000129 91fd      	LD   R31,X+
00012a 9631      	ADIW R30,1
00012b 93fe      	ST   -X,R31
00012c 93ee      	ST   -X,R30
                 _0x2000014:
                 _0x2000013:
00012d c006      	RJMP _0x2000015
                 _0x2000010:
00012e 81aa      	LDD  R26,Y+2
00012f 81bb      	LDD  R27,Y+2+1
000130 efef      	LDI  R30,LOW(65535)
000131 efff      	LDI  R31,HIGH(65535)
000132 93ed      	ST   X+,R30
000133 93fc      	ST   X,R31
                 _0x2000015:
000134 8119      	LDD  R17,Y+1
000135 8108      	LDD  R16,Y+0
000136 9625      	ADIW R28,5
000137 9508      	RET
                 __print_G100:
000138 93ba      	ST   -Y,R27
000139 93aa      	ST   -Y,R26
00013a 9726      	SBIW R28,6
00013b 940e 03ed 	CALL __SAVELOCR6
00013d e010      	LDI  R17,0
00013e 85ac      	LDD  R26,Y+12
00013f 85bd      	LDD  R27,Y+12+1
000140 e0e0      	LDI  R30,LOW(0)
000141 e0f0      	LDI  R31,HIGH(0)
000142 93ed      	ST   X+,R30
000143 93fc      	ST   X,R31
                 _0x2000016:
000144 89ea      	LDD  R30,Y+18
000145 89fb      	LDD  R31,Y+18+1
000146 9631      	ADIW R30,1
000147 8bea      	STD  Y+18,R30
000148 8bfb      	STD  Y+18+1,R31
000149 9731      	SBIW R30,1
00014a 91e4      	LPM  R30,Z
00014b 2f2e      	MOV  R18,R30
00014c 30e0      	CPI  R30,0
00014d f411      	BRNE PC+3
00014e 940c 0267 	JMP _0x2000018
000150 2fe1      	MOV  R30,R17
000151 30e0      	CPI  R30,0
000152 f439      	BRNE _0x200001C
000153 3225      	CPI  R18,37
000154 f411      	BRNE _0x200001D
000155 e011      	LDI  R17,LOW(1)
000156 c002      	RJMP _0x200001E
                 _0x200001D:
000157 940e 0369 	CALL SUBOPT_0x2
                 _0x200001E:
000159 c10c      	RJMP _0x200001B
                 _0x200001C:
00015a 30e1      	CPI  R30,LOW(0x1)
00015b f4a9      	BRNE _0x200001F
00015c 3225      	CPI  R18,37
00015d f419      	BRNE _0x2000020
00015e 940e 0369 	CALL SUBOPT_0x2
000160 c104      	RJMP _0x20000C9
                 _0x2000020:
000161 e012      	LDI  R17,LOW(2)
000162 e040      	LDI  R20,LOW(0)
000163 e000      	LDI  R16,LOW(0)
000164 322d      	CPI  R18,45
000165 f411      	BRNE _0x2000021
000166 e001      	LDI  R16,LOW(1)
000167 c0fe      	RJMP _0x200001B
                 _0x2000021:
000168 322b      	CPI  R18,43
000169 f411      	BRNE _0x2000022
00016a e24b      	LDI  R20,LOW(43)
00016b c0fa      	RJMP _0x200001B
                 _0x2000022:
00016c 3220      	CPI  R18,32
00016d f411      	BRNE _0x2000023
00016e e240      	LDI  R20,LOW(32)
00016f c0f6      	RJMP _0x200001B
                 _0x2000023:
000170 c002      	RJMP _0x2000024
                 _0x200001F:
000171 30e2      	CPI  R30,LOW(0x2)
000172 f439      	BRNE _0x2000025
                 _0x2000024:
000173 e050      	LDI  R21,LOW(0)
000174 e013      	LDI  R17,LOW(3)
000175 3320      	CPI  R18,48
000176 f411      	BRNE _0x2000026
000177 6800      	ORI  R16,LOW(128)
000178 c0ed      	RJMP _0x200001B
                 _0x2000026:
000179 c004      	RJMP _0x2000027
                 _0x2000025:
00017a 30e3      	CPI  R30,LOW(0x3)
00017b f011      	BREQ PC+3
00017c 940c 0266 	JMP _0x200001B
                 _0x2000027:
00017e 3320      	CPI  R18,48
00017f f010      	BRLO _0x200002A
000180 332a      	CPI  R18,58
000181 f008      	BRLO _0x200002B
                 _0x200002A:
000182 c007      	RJMP _0x2000029
                 _0x200002B:
000183 e0aa      	LDI  R26,LOW(10)
000184 9f5a      	MUL  R21,R26
000185 2d50      	MOV  R21,R0
000186 2fe2      	MOV  R30,R18
000187 53e0      	SUBI R30,LOW(48)
000188 0f5e      	ADD  R21,R30
000189 c0dc      	RJMP _0x200001B
                 _0x2000029:
00018a 2fe2      	MOV  R30,R18
00018b 36e3      	CPI  R30,LOW(0x63)
00018c f449      	BRNE _0x200002F
00018d 940e 0370 	CALL SUBOPT_0x3
00018f 89e8      	LDD  R30,Y+16
000190 89f9      	LDD  R31,Y+16+1
000191 81a4      	LDD  R26,Z+4
000192 93aa      	ST   -Y,R26
000193 940e 0376 	CALL SUBOPT_0x4
000195 c0cf      	RJMP _0x2000030
                 _0x200002F:
000196 37e3      	CPI  R30,LOW(0x73)
000197 f441      	BRNE _0x2000032
000198 940e 0370 	CALL SUBOPT_0x3
00019a 940e 037c 	CALL SUBOPT_0x5
00019c 940e 0339 	CALL _strlen
00019e 2f1e      	MOV  R17,R30
00019f c00a      	RJMP _0x2000033
                 _0x2000032:
0001a0 37e0      	CPI  R30,LOW(0x70)
0001a1 f461      	BRNE _0x2000035
0001a2 940e 0370 	CALL SUBOPT_0x3
0001a4 940e 037c 	CALL SUBOPT_0x5
0001a6 940e 0345 	CALL _strlenf
0001a8 2f1e      	MOV  R17,R30
0001a9 6008      	ORI  R16,LOW(8)
                 _0x2000033:
0001aa 6002      	ORI  R16,LOW(2)
0001ab 770f      	ANDI R16,LOW(127)
0001ac e030      	LDI  R19,LOW(0)
0001ad c035      	RJMP _0x2000036
                 _0x2000035:
0001ae 36e4      	CPI  R30,LOW(0x64)
0001af f011      	BREQ _0x2000039
0001b0 36e9      	CPI  R30,LOW(0x69)
0001b1 f411      	BRNE _0x200003A
                 _0x2000039:
0001b2 6004      	ORI  R16,LOW(4)
0001b3 c002      	RJMP _0x200003B
                 _0x200003A:
0001b4 37e5      	CPI  R30,LOW(0x75)
0001b5 f431      	BRNE _0x200003C
                 _0x200003B:
0001b6 e5e4      	LDI  R30,LOW(_tbl10_G100*2)
0001b7 e0f0      	LDI  R31,HIGH(_tbl10_G100*2)
0001b8 83ee      	STD  Y+6,R30
0001b9 83ff      	STD  Y+6+1,R31
0001ba e015      	LDI  R17,LOW(5)
0001bb c00d      	RJMP _0x200003D
                 _0x200003C:
0001bc 35e8      	CPI  R30,LOW(0x58)
0001bd f411      	BRNE _0x200003F
0001be 6008      	ORI  R16,LOW(8)
0001bf c004      	RJMP _0x2000040
                 _0x200003F:
0001c0 37e8      	CPI  R30,LOW(0x78)
0001c1 f011      	BREQ PC+3
0001c2 940c 0265 	JMP _0x2000071
                 _0x2000040:
0001c4 e5ee      	LDI  R30,LOW(_tbl16_G100*2)
0001c5 e0f0      	LDI  R31,HIGH(_tbl16_G100*2)
0001c6 83ee      	STD  Y+6,R30
0001c7 83ff      	STD  Y+6+1,R31
0001c8 e014      	LDI  R17,LOW(4)
                 _0x200003D:
0001c9 ff02      	SBRS R16,2
0001ca c014      	RJMP _0x2000042
0001cb 940e 0370 	CALL SUBOPT_0x3
0001cd 940e 0386 	CALL SUBOPT_0x6
0001cf 85ab      	LDD  R26,Y+11
0001d0 23aa      	TST  R26
0001d1 f43a      	BRPL _0x2000043
0001d2 85ea      	LDD  R30,Y+10
0001d3 85fb      	LDD  R31,Y+10+1
0001d4 940e 03b1 	CALL __ANEGW1
0001d6 87ea      	STD  Y+10,R30
0001d7 87fb      	STD  Y+10+1,R31
0001d8 e24d      	LDI  R20,LOW(45)
                 _0x2000043:
0001d9 3040      	CPI  R20,0
0001da f011      	BREQ _0x2000044
0001db 5f1f      	SUBI R17,-LOW(1)
0001dc c001      	RJMP _0x2000045
                 _0x2000044:
0001dd 7f0b      	ANDI R16,LOW(251)
                 _0x2000045:
0001de c004      	RJMP _0x2000046
                 _0x2000042:
0001df 940e 0370 	CALL SUBOPT_0x3
0001e1 940e 0386 	CALL SUBOPT_0x6
                 _0x2000046:
                 _0x2000036:
0001e3 fd00      	SBRC R16,0
0001e4 c011      	RJMP _0x2000047
                 _0x2000048:
0001e5 1715      	CP   R17,R21
0001e6 f478      	BRSH _0x200004A
0001e7 ff07      	SBRS R16,7
0001e8 c008      	RJMP _0x200004B
0001e9 ff02      	SBRS R16,2
0001ea c004      	RJMP _0x200004C
0001eb 7f0b      	ANDI R16,LOW(251)
0001ec 2f24      	MOV  R18,R20
0001ed 5011      	SUBI R17,LOW(1)
0001ee c001      	RJMP _0x200004D
                 _0x200004C:
0001ef e320      	LDI  R18,LOW(48)
                 _0x200004D:
0001f0 c001      	RJMP _0x200004E
                 _0x200004B:
0001f1 e220      	LDI  R18,LOW(32)
                 _0x200004E:
0001f2 940e 0369 	CALL SUBOPT_0x2
0001f4 5051      	SUBI R21,LOW(1)
0001f5 cfef      	RJMP _0x2000048
                 _0x200004A:
                 _0x2000047:
0001f6 2f31      	MOV  R19,R17
0001f7 ff01      	SBRS R16,1
0001f8 c017      	RJMP _0x200004F
                 _0x2000050:
0001f9 3030      	CPI  R19,0
0001fa f0a1      	BREQ _0x2000052
0001fb ff03      	SBRS R16,3
0001fc c006      	RJMP _0x2000053
0001fd 81ee      	LDD  R30,Y+6
0001fe 81ff      	LDD  R31,Y+6+1
0001ff 9125      	LPM  R18,Z+
000200 83ee      	STD  Y+6,R30
000201 83ff      	STD  Y+6+1,R31
000202 c005      	RJMP _0x2000054
                 _0x2000053:
000203 81ae      	LDD  R26,Y+6
000204 81bf      	LDD  R27,Y+6+1
000205 912d      	LD   R18,X+
000206 83ae      	STD  Y+6,R26
000207 83bf      	STD  Y+6+1,R27
                 _0x2000054:
000208 940e 0369 	CALL SUBOPT_0x2
00020a 3050      	CPI  R21,0
00020b f009      	BREQ _0x2000055
00020c 5051      	SUBI R21,LOW(1)
                 _0x2000055:
00020d 5031      	SUBI R19,LOW(1)
00020e cfea      	RJMP _0x2000050
                 _0x2000052:
00020f c04b      	RJMP _0x2000056
                 _0x200004F:
                 _0x2000058:
000210 e320      	LDI  R18,LOW(48)
000211 81ee      	LDD  R30,Y+6
000212 81ff      	LDD  R31,Y+6+1
000213 940e 03e4 	CALL __GETW1PF
000215 87e8      	STD  Y+8,R30
000216 87f9      	STD  Y+8+1,R31
000217 81ee      	LDD  R30,Y+6
000218 81ff      	LDD  R31,Y+6+1
000219 9632      	ADIW R30,2
00021a 83ee      	STD  Y+6,R30
00021b 83ff      	STD  Y+6+1,R31
                 _0x200005A:
00021c 85e8      	LDD  R30,Y+8
00021d 85f9      	LDD  R31,Y+8+1
00021e 85aa      	LDD  R26,Y+10
00021f 85bb      	LDD  R27,Y+10+1
000220 17ae      	CP   R26,R30
000221 07bf      	CPC  R27,R31
000222 f050      	BRLO _0x200005C
000223 5f2f      	SUBI R18,-LOW(1)
000224 85a8      	LDD  R26,Y+8
000225 85b9      	LDD  R27,Y+8+1
000226 85ea      	LDD  R30,Y+10
000227 85fb      	LDD  R31,Y+10+1
000228 1bea      	SUB  R30,R26
000229 0bfb      	SBC  R31,R27
00022a 87ea      	STD  Y+10,R30
00022b 87fb      	STD  Y+10+1,R31
00022c cfef      	RJMP _0x200005A
                 _0x200005C:
00022d 332a      	CPI  R18,58
00022e f028      	BRLO _0x200005D
00022f ff03      	SBRS R16,3
000230 c002      	RJMP _0x200005E
000231 5f29      	SUBI R18,-LOW(7)
000232 c001      	RJMP _0x200005F
                 _0x200005E:
000233 5d29      	SUBI R18,-LOW(39)
                 _0x200005F:
                 _0x200005D:
000234 fd04      	SBRC R16,4
000235 c01a      	RJMP _0x2000061
000236 3321      	CPI  R18,49
000237 f420      	BRSH _0x2000063
000238 85a8      	LDD  R26,Y+8
000239 85b9      	LDD  R27,Y+8+1
00023a 9711      	SBIW R26,1
00023b f409      	BRNE _0x2000062
                 _0x2000063:
00023c c009      	RJMP _0x20000CA
                 _0x2000062:
00023d 1753      	CP   R21,R19
00023e f010      	BRLO _0x2000067
00023f ff00      	SBRS R16,0
000240 c001      	RJMP _0x2000068
                 _0x2000067:
000241 c013      	RJMP _0x2000066
                 _0x2000068:
000242 e220      	LDI  R18,LOW(32)
000243 ff07      	SBRS R16,7
000244 c00b      	RJMP _0x2000069
000245 e320      	LDI  R18,LOW(48)
                 _0x20000CA:
000246 6100      	ORI  R16,LOW(16)
000247 ff02      	SBRS R16,2
000248 c007      	RJMP _0x200006A
000249 7f0b      	ANDI R16,LOW(251)
00024a 934a      	ST   -Y,R20
00024b 940e 0376 	CALL SUBOPT_0x4
00024d 3050      	CPI  R21,0
00024e f009      	BREQ _0x200006B
00024f 5051      	SUBI R21,LOW(1)
                 _0x200006B:
                 _0x200006A:
                 _0x2000069:
                 _0x2000061:
000250 940e 0369 	CALL SUBOPT_0x2
000252 3050      	CPI  R21,0
000253 f009      	BREQ _0x200006C
000254 5051      	SUBI R21,LOW(1)
                 _0x200006C:
                 _0x2000066:
000255 5031      	SUBI R19,LOW(1)
000256 85a8      	LDD  R26,Y+8
000257 85b9      	LDD  R27,Y+8+1
000258 9712      	SBIW R26,2
000259 f008      	BRLO _0x2000059
00025a cfb5      	RJMP _0x2000058
                 _0x2000059:
                 _0x2000056:
00025b ff00      	SBRS R16,0
00025c c008      	RJMP _0x200006D
                 _0x200006E:
00025d 3050      	CPI  R21,0
00025e f031      	BREQ _0x2000070
00025f 5051      	SUBI R21,LOW(1)
000260 e2e0      	LDI  R30,LOW(32)
000261 93ea      	ST   -Y,R30
000262 940e 0376 	CALL SUBOPT_0x4
000264 cff8      	RJMP _0x200006E
                 _0x2000070:
                 _0x200006D:
                 _0x2000071:
                 _0x2000030:
                 _0x20000C9:
000265 e010      	LDI  R17,LOW(0)
                 _0x200001B:
000266 cedd      	RJMP _0x2000016
                 _0x2000018:
000267 85ac      	LDD  R26,Y+12
000268 85bd      	LDD  R27,Y+12+1
000269 940e 03e0 	CALL __GETW1P
00026b 940e 03f4 	CALL __LOADLOCR6
00026d 9664      	ADIW R28,20
00026e 9508      	RET
                 _sprintf:
00026f 92ff      	PUSH R15
000270 2ef8      	MOV  R15,R24
000271 9726      	SBIW R28,6
000272 940e 03ef 	CALL __SAVELOCR4
000274 940e 038e 	CALL SUBOPT_0x7
000276 9730      	SBIW R30,0
000277 f419      	BRNE _0x2000072
000278 efef      	LDI  R30,LOW(65535)
000279 efff      	LDI  R31,HIGH(65535)
00027a c023      	RJMP _0x2080002
                 _0x2000072:
00027b 01de      	MOVW R26,R28
00027c 9616      	ADIW R26,6
00027d 940e 03ad 	CALL __ADDW2R15
00027f 018d      	MOVW R16,R26
000280 940e 038e 	CALL SUBOPT_0x7
000282 83ee      	STD  Y+6,R30
000283 83ff      	STD  Y+6+1,R31
000284 e0e0      	LDI  R30,LOW(0)
000285 87e8      	STD  Y+8,R30
000286 87e9      	STD  Y+8+1,R30
000287 01de      	MOVW R26,R28
000288 961a      	ADIW R26,10
000289 940e 03ad 	CALL __ADDW2R15
00028b 940e 03e0 	CALL __GETW1P
00028d 93fa      	ST   -Y,R31
00028e 93ea      	ST   -Y,R30
00028f 931a      	ST   -Y,R17
000290 930a      	ST   -Y,R16
000291 efe8      	LDI  R30,LOW(_put_buff_G100)
000292 e0f0      	LDI  R31,HIGH(_put_buff_G100)
000293 93fa      	ST   -Y,R31
000294 93ea      	ST   -Y,R30
000295 01de      	MOVW R26,R28
000296 961a      	ADIW R26,10
000297 dea0      	RCALL __print_G100
000298 019f      	MOVW R18,R30
000299 81ae      	LDD  R26,Y+6
00029a 81bf      	LDD  R27,Y+6+1
00029b e0e0      	LDI  R30,LOW(0)
00029c 93ec      	ST   X,R30
00029d 01f9      	MOVW R30,R18
                 _0x2080002:
00029e 940e 03f6 	CALL __LOADLOCR4
0002a0 962a      	ADIW R28,10
0002a1 90ff      	POP  R15
0002a2 9508      	RET
                 	#ifndef __SLEEP_DEFINED__
                 	#endif
                 
                 	.DSEG
                 
                 	.CSEG
                 __lcd_write_nibble_G101:
0002a3 93aa      	ST   -Y,R26
0002a4 b3e5      	IN   R30,0x15
0002a5 70ef      	ANDI R30,LOW(0xF)
0002a6 2fae      	MOV  R26,R30
0002a7 81e8      	LD   R30,Y
0002a8 7fe0      	ANDI R30,LOW(0xF0)
0002a9 2bea      	OR   R30,R26
0002aa bbe5      	OUT  0x15,R30
                +
0002ab e085     +LDI R24 , LOW ( 5 )
                +__DELAY_USB_LOOP :
0002ac 958a     +DEC R24
0002ad f7f1     +BRNE __DELAY_USB_LOOP
                 	__DELAY_USB 5
0002ae 9aaa      	SBI  0x15,2
                +
0002af e08d     +LDI R24 , LOW ( 13 )
                +__DELAY_USB_LOOP :
0002b0 958a     +DEC R24
0002b1 f7f1     +BRNE __DELAY_USB_LOOP
                 	__DELAY_USB 13
0002b2 98aa      	CBI  0x15,2
                +
0002b3 e08d     +LDI R24 , LOW ( 13 )
                +__DELAY_USB_LOOP :
0002b4 958a     +DEC R24
0002b5 f7f1     +BRNE __DELAY_USB_LOOP
                 	__DELAY_USB 13
0002b6 c080      	RJMP _0x2080001
                 __lcd_write_data:
0002b7 93aa      	ST   -Y,R26
0002b8 81a8      	LD   R26,Y
0002b9 dfe9      	RCALL __lcd_write_nibble_G101
0002ba 81e8          ld    r30,y
0002bb 95e2          swap  r30
0002bc 83e8          st    y,r30
0002bd 81a8      	LD   R26,Y
0002be dfe4      	RCALL __lcd_write_nibble_G101
                +
0002bf e885     +LDI R24 , LOW ( 133 )
                +__DELAY_USB_LOOP :
0002c0 958a     +DEC R24
0002c1 f7f1     +BRNE __DELAY_USB_LOOP
                 	__DELAY_USB 133
0002c2 c074      	RJMP _0x2080001
                 _lcd_gotoxy:
0002c3 93aa      	ST   -Y,R26
0002c4 81e8      	LD   R30,Y
0002c5 e0f0      	LDI  R31,0
0002c6 58ea      	SUBI R30,LOW(-__base_y_G101)
0002c7 4ffd      	SBCI R31,HIGH(-__base_y_G101)
0002c8 81e0      	LD   R30,Z
0002c9 81a9      	LDD  R26,Y+1
0002ca 0fae      	ADD  R26,R30
0002cb dfeb      	RCALL __lcd_write_data
0002cc 80c9      	LDD  R12,Y+1
0002cd 81e8      	LD   R30,Y
0002ce 93e0 027a 	STS  __lcd_y,R30
0002d0 9622      	ADIW R28,2
0002d1 9508      	RET
                 _lcd_clear:
0002d2 e0a2      	LDI  R26,LOW(2)
0002d3 940e 0395 	CALL SUBOPT_0x8
0002d5 e0ac      	LDI  R26,LOW(12)
0002d6 dfe0      	RCALL __lcd_write_data
0002d7 e0a1      	LDI  R26,LOW(1)
0002d8 940e 0395 	CALL SUBOPT_0x8
0002da e0e0      	LDI  R30,LOW(0)
0002db 93e0 027a 	STS  __lcd_y,R30
0002dd 2ece      	MOV  R12,R30
0002de 9508      	RET
                 _lcd_putchar:
0002df 93aa      	ST   -Y,R26
0002e0 81a8      	LD   R26,Y
0002e1 30aa      	CPI  R26,LOW(0xA)
0002e2 f021      	BREQ _0x2020005
0002e3 91e0 027b 	LDS  R30,__lcd_maxx
0002e5 16ce      	CP   R12,R30
0002e6 f060      	BRLO _0x2020004
                 _0x2020005:
0002e7 e0e0      	LDI  R30,LOW(0)
0002e8 93ea      	ST   -Y,R30
0002e9 91a0 027a 	LDS  R26,__lcd_y
0002eb 5faf      	SUBI R26,-LOW(1)
0002ec 93a0 027a 	STS  __lcd_y,R26
0002ee dfd4      	RCALL _lcd_gotoxy
0002ef 81a8      	LD   R26,Y
0002f0 30aa      	CPI  R26,LOW(0xA)
0002f1 f409      	BRNE _0x2020007
0002f2 c044      	RJMP _0x2080001
                 _0x2020007:
                 _0x2020004:
0002f3 94c3      	INC  R12
0002f4 9aa8      	SBI  0x15,0
0002f5 81a8      	LD   R26,Y
0002f6 dfc0      	RCALL __lcd_write_data
0002f7 98a8      	CBI  0x15,0
0002f8 c03e      	RJMP _0x2080001
                 _lcd_puts:
0002f9 93ba      	ST   -Y,R27
0002fa 93aa      	ST   -Y,R26
0002fb 931a      	ST   -Y,R17
                 _0x2020008:
0002fc 81a9      	LDD  R26,Y+1
0002fd 81ba      	LDD  R27,Y+1+1
0002fe 91ed      	LD   R30,X+
0002ff 83a9      	STD  Y+1,R26
000300 83ba      	STD  Y+1+1,R27
000301 2f1e      	MOV  R17,R30
000302 30e0      	CPI  R30,0
000303 f019      	BREQ _0x202000A
000304 2fa1      	MOV  R26,R17
000305 dfd9      	RCALL _lcd_putchar
000306 cff5      	RJMP _0x2020008
                 _0x202000A:
000307 8118      	LDD  R17,Y+0
000308 9623      	ADIW R28,3
000309 9508      	RET
                 _lcd_init:
00030a 93aa      	ST   -Y,R26
00030b b3e4      	IN   R30,0x14
00030c 6fe0      	ORI  R30,LOW(0xF0)
00030d bbe4      	OUT  0x14,R30
00030e 9aa2      	SBI  0x14,2
00030f 9aa0      	SBI  0x14,0
000310 9aa1      	SBI  0x14,1
000311 98aa      	CBI  0x15,2
000312 98a8      	CBI  0x15,0
000313 98a9      	CBI  0x15,1
000314 81e8      	LD   R30,Y
000315 93e0 027b 	STS  __lcd_maxx,R30
000317 58e0      	SUBI R30,-LOW(128)
                +
000318 93e0 0278+STS __base_y_G101 + ( 2 ) , R30
                 	__PUTB1MN __base_y_G101,2
00031a 81e8      	LD   R30,Y
00031b 54e0      	SUBI R30,-LOW(192)
                +
00031c 93e0 0279+STS __base_y_G101 + ( 3 ) , R30
                 	__PUTB1MN __base_y_G101,3
00031e e1a4      	LDI  R26,LOW(20)
00031f e0b0      	LDI  R27,0
000320 940e 03a3 	CALL _delay_ms
000322 940e 039b 	CALL SUBOPT_0x9
000324 940e 039b 	CALL SUBOPT_0x9
000326 940e 039b 	CALL SUBOPT_0x9
000328 e2a0      	LDI  R26,LOW(32)
000329 df79      	RCALL __lcd_write_nibble_G101
                +
00032a ec88     +LDI R24 , LOW ( 200 )
00032b e090     +LDI R25 , HIGH ( 200 )
                +__DELAY_USW_LOOP :
00032c 9701     +SBIW R24 , 1
00032d f7f1     +BRNE __DELAY_USW_LOOP
                 	__DELAY_USW 200
00032e e2a8      	LDI  R26,LOW(40)
00032f df87      	RCALL __lcd_write_data
000330 e0a4      	LDI  R26,LOW(4)
000331 df85      	RCALL __lcd_write_data
000332 e8a5      	LDI  R26,LOW(133)
000333 df83      	RCALL __lcd_write_data
000334 e0a6      	LDI  R26,LOW(6)
000335 df81      	RCALL __lcd_write_data
000336 df9b      	RCALL _lcd_clear
                 _0x2080001:
000337 9621      	ADIW R28,1
000338 9508      	RET
                 
                 	.CSEG
                 
                 	.CSEG
                 _strlen:
000339 93ba      	ST   -Y,R27
00033a 93aa      	ST   -Y,R26
00033b 91a9          ld   r26,y+
00033c 91b9          ld   r27,y+
00033d 27ee          clr  r30
00033e 27ff          clr  r31
                 strlen0:
00033f 916d          ld   r22,x+
000340 2366          tst  r22
000341 f011          breq strlen1
000342 9631          adiw r30,1
000343 cffb          rjmp strlen0
                 strlen1:
000344 9508          ret
                 _strlenf:
000345 93ba      	ST   -Y,R27
000346 93aa      	ST   -Y,R26
000347 27aa          clr  r26
000348 27bb          clr  r27
000349 91e9          ld   r30,y+
00034a 91f9          ld   r31,y+
                 strlenf0:
00034b 9005      	lpm  r0,z+
00034c 2000          tst  r0
00034d f011          breq strlenf1
00034e 9611          adiw r26,1
00034f cffb          rjmp strlenf0
                 strlenf1:
000350 01fd          movw r30,r26
000351 9508          ret
                 
                 	.DSEG
                 _f:
000260           	.BYTE 0x14
                 _adc_data:
000274           	.BYTE 0x2
                 __base_y_G101:
000276           	.BYTE 0x4
                 __lcd_y:
00027a           	.BYTE 0x1
                 __lcd_maxx:
00027b           	.BYTE 0x1
                 
                 	.CSEG
                 ;OPTIMIZER ADDED SUBROUTINE, CALLED 2 TIMES, CODE SIZE REDUCTION:1 WORDS
                 SUBOPT_0x0:
000352 940e 02c3 	CALL _lcd_gotoxy
000354 e6e0      	LDI  R30,LOW(_f)
000355 e0f2      	LDI  R31,HIGH(_f)
000356 93fa      	ST   -Y,R31
000357 93ea      	ST   -Y,R30
000358 9508      	RET
                 
                 ;OPTIMIZER ADDED SUBROUTINE, CALLED 2 TIMES, CODE SIZE REDUCTION:11 WORDS
                 SUBOPT_0x1:
000359 940e 03b5 	CALL __CWD1
00035b 940e 03e8 	CALL __PUTPARD1
00035d e084      	LDI  R24,4
00035e 940e 026f 	CALL _sprintf
000360 9628      	ADIW R28,8
000361 e6a0      	LDI  R26,LOW(_f)
000362 e0b2      	LDI  R27,HIGH(_f)
000363 940e 02f9 	CALL _lcd_puts
000365 efa4      	LDI  R26,LOW(500)
000366 e0b1      	LDI  R27,HIGH(500)
000367 940c 03a3 	JMP  _delay_ms
                 
                 ;OPTIMIZER ADDED SUBROUTINE, CALLED 5 TIMES, CODE SIZE REDUCTION:13 WORDS
                 SUBOPT_0x2:
000369 932a      	ST   -Y,R18
00036a 85ad      	LDD  R26,Y+13
00036b 85be      	LDD  R27,Y+13+1
00036c 85ef      	LDD  R30,Y+15
00036d 89f8      	LDD  R31,Y+15+1
00036e 9509      	ICALL
00036f 9508      	RET
                 
                 ;OPTIMIZER ADDED SUBROUTINE, CALLED 5 TIMES, CODE SIZE REDUCTION:9 WORDS
                 SUBOPT_0x3:
000370 89e8      	LDD  R30,Y+16
000371 89f9      	LDD  R31,Y+16+1
000372 9734      	SBIW R30,4
000373 8be8      	STD  Y+16,R30
000374 8bf9      	STD  Y+16+1,R31
000375 9508      	RET
                 
                 ;OPTIMIZER ADDED SUBROUTINE, CALLED 3 TIMES, CODE SIZE REDUCTION:3 WORDS
                 SUBOPT_0x4:
000376 85ad      	LDD  R26,Y+13
000377 85be      	LDD  R27,Y+13+1
000378 85ef      	LDD  R30,Y+15
000379 89f8      	LDD  R31,Y+15+1
00037a 9509      	ICALL
00037b 9508      	RET
                 
                 ;OPTIMIZER ADDED SUBROUTINE, CALLED 2 TIMES, CODE SIZE REDUCTION:4 WORDS
                 SUBOPT_0x5:
00037c 89a8      	LDD  R26,Y+16
00037d 89b9      	LDD  R27,Y+16+1
00037e 9614      	ADIW R26,4
00037f 940e 03e0 	CALL __GETW1P
000381 83ee      	STD  Y+6,R30
000382 83ff      	STD  Y+6+1,R31
000383 81ae      	LDD  R26,Y+6
000384 81bf      	LDD  R27,Y+6+1
000385 9508      	RET
                 
                 ;OPTIMIZER ADDED SUBROUTINE, CALLED 2 TIMES, CODE SIZE REDUCTION:2 WORDS
                 SUBOPT_0x6:
000386 89a8      	LDD  R26,Y+16
000387 89b9      	LDD  R27,Y+16+1
000388 9614      	ADIW R26,4
000389 940e 03e0 	CALL __GETW1P
00038b 87ea      	STD  Y+10,R30
00038c 87fb      	STD  Y+10+1,R31
00038d 9508      	RET
                 
                 ;OPTIMIZER ADDED SUBROUTINE, CALLED 2 TIMES, CODE SIZE REDUCTION:1 WORDS
                 SUBOPT_0x7:
00038e 01de      	MOVW R26,R28
00038f 961c      	ADIW R26,12
000390 940e 03ad 	CALL __ADDW2R15
000392 940e 03e0 	CALL __GETW1P
000394 9508      	RET
                 
                 ;OPTIMIZER ADDED SUBROUTINE, CALLED 2 TIMES, CODE SIZE REDUCTION:3 WORDS
                 SUBOPT_0x8:
000395 940e 02b7 	CALL __lcd_write_data
000397 e0a3      	LDI  R26,LOW(3)
000398 e0b0      	LDI  R27,0
000399 940c 03a3 	JMP  _delay_ms
                 
                 ;OPTIMIZER ADDED SUBROUTINE, CALLED 3 TIMES, CODE SIZE REDUCTION:7 WORDS
                 SUBOPT_0x9:
00039b e3a0      	LDI  R26,LOW(48)
00039c 940e 02a3 	CALL __lcd_write_nibble_G101
                +
00039e ec88     +LDI R24 , LOW ( 200 )
00039f e090     +LDI R25 , HIGH ( 200 )
                +__DELAY_USW_LOOP :
0003a0 9701     +SBIW R24 , 1
0003a1 f7f1     +BRNE __DELAY_USW_LOOP
                 	__DELAY_USW 200
0003a2 9508      	RET
                 
                 
                 	.CSEG
                 _delay_ms:
0003a3 9610      	adiw r26,0
0003a4 f039      	breq __delay_ms1
                 __delay_ms0:
                +
0003a5 ed80     +LDI R24 , LOW ( 0x7D0 )
0003a6 e097     +LDI R25 , HIGH ( 0x7D0 )
                +__DELAY_USW_LOOP :
0003a7 9701     +SBIW R24 , 1
0003a8 f7f1     +BRNE __DELAY_USW_LOOP
                 	__DELAY_USW 0x7D0
0003a9 95a8      	wdr
0003aa 9711      	sbiw r26,1
0003ab f7c9      	brne __delay_ms0
                 __delay_ms1:
0003ac 9508      	ret
                 
                 __ADDW2R15:
0003ad 2400      	CLR  R0
0003ae 0daf      	ADD  R26,R15
0003af 1db0      	ADC  R27,R0
0003b0 9508      	RET
                 
                 __ANEGW1:
0003b1 95f1      	NEG  R31
0003b2 95e1      	NEG  R30
0003b3 40f0      	SBCI R31,0
0003b4 9508      	RET
                 
                 __CWD1:
0003b5 2f6f      	MOV  R22,R31
0003b6 0f66      	ADD  R22,R22
0003b7 0b66      	SBC  R22,R22
0003b8 2f76      	MOV  R23,R22
0003b9 9508      	RET
                 
                 __DIVW21U:
0003ba 2400      	CLR  R0
0003bb 2411      	CLR  R1
0003bc e190      	LDI  R25,16
                 __DIVW21U1:
0003bd 0faa      	LSL  R26
0003be 1fbb      	ROL  R27
0003bf 1c00      	ROL  R0
0003c0 1c11      	ROL  R1
0003c1 1a0e      	SUB  R0,R30
0003c2 0a1f      	SBC  R1,R31
0003c3 f418      	BRCC __DIVW21U2
0003c4 0e0e      	ADD  R0,R30
0003c5 1e1f      	ADC  R1,R31
0003c6 c001      	RJMP __DIVW21U3
                 __DIVW21U2:
0003c7 60a1      	SBR  R26,1
                 __DIVW21U3:
0003c8 959a      	DEC  R25
0003c9 f799      	BRNE __DIVW21U1
0003ca 01fd      	MOVW R30,R26
0003cb 01d0      	MOVW R26,R0
0003cc 9508      	RET
                 
                 __DIVW21:
0003cd d004      	RCALL __CHKSIGNW
0003ce dfeb      	RCALL __DIVW21U
0003cf f40e      	BRTC __DIVW211
0003d0 dfe0      	RCALL __ANEGW1
                 __DIVW211:
0003d1 9508      	RET
                 
                 __CHKSIGNW:
0003d2 94e8      	CLT
0003d3 fff7      	SBRS R31,7
0003d4 c002      	RJMP __CHKSW1
0003d5 dfdb      	RCALL __ANEGW1
0003d6 9468      	SET
                 __CHKSW1:
0003d7 ffb7      	SBRS R27,7
0003d8 c006      	RJMP __CHKSW2
0003d9 95a0      	COM  R26
0003da 95b0      	COM  R27
0003db 9611      	ADIW R26,1
0003dc f800      	BLD  R0,0
0003dd 9403      	INC  R0
0003de fa00      	BST  R0,0
                 __CHKSW2:
0003df 9508      	RET
                 
                 __GETW1P:
0003e0 91ed      	LD   R30,X+
0003e1 91fc      	LD   R31,X
0003e2 9711      	SBIW R26,1
0003e3 9508      	RET
                 
                 __GETW1PF:
0003e4 9005      	LPM  R0,Z+
0003e5 91f4      	LPM  R31,Z
0003e6 2de0      	MOV  R30,R0
0003e7 9508      	RET
                 
                 __PUTPARD1:
0003e8 937a      	ST   -Y,R23
0003e9 936a      	ST   -Y,R22
0003ea 93fa      	ST   -Y,R31
0003eb 93ea      	ST   -Y,R30
0003ec 9508      	RET
                 
                 __SAVELOCR6:
0003ed 935a      	ST   -Y,R21
                 __SAVELOCR5:
0003ee 934a      	ST   -Y,R20
                 __SAVELOCR4:
0003ef 933a      	ST   -Y,R19
                 __SAVELOCR3:
0003f0 932a      	ST   -Y,R18
                 __SAVELOCR2:
0003f1 931a      	ST   -Y,R17
0003f2 930a      	ST   -Y,R16
0003f3 9508      	RET
                 
                 __LOADLOCR6:
0003f4 815d      	LDD  R21,Y+5
                 __LOADLOCR5:
0003f5 814c      	LDD  R20,Y+4
                 __LOADLOCR4:
0003f6 813b      	LDD  R19,Y+3
                 __LOADLOCR3:
0003f7 812a      	LDD  R18,Y+2
                 __LOADLOCR2:
0003f8 8119      	LDD  R17,Y+1
0003f9 8108      	LD   R16,Y
0003fa 9508      	RET
                 
                 ;END OF CODE MARKER
                 __END_OF_CODE:


RESOURCE USE INFORMATION
------------------------

Notice:
The register and instruction counts are symbol table hit counts,
and hence implicitly used resources are not counted, eg, the
'lpm' instruction without operands implicitly uses r0 and z,
none of which are counted.

x,y,z are separate entities in the symbol table and are
counted separately from r26..r31 here.

.dseg memory usage only counts static data declared with .byte

ATmega32A register use summary:
r0 :  19 r1 :   5 r2 :   0 r3 :   0 r4 :   3 r5 :   1 r6 :   3 r7 :   2 
r8 :   2 r9 :   0 r10:   2 r11:   0 r12:   4 r13:   3 r14:   0 r15:   4 
r16:  34 r17:  24 r18:  29 r19:   8 r20:   9 r21:  17 r22:  11 r23:   2 
r24:  25 r25:   7 r26: 111 r27:  42 r28:  14 r29:   1 r30: 222 r31:  72 
x  :  23 y  : 174 z  :  15 
Registers used: 30 out of 35 (85.7%)

ATmega32A instruction use summary:
.lds  :   0 .lds.l:   0 .sts  :   0 .sts.l:   0 adc   :   3 add   :   6 
adiw  :  25 and   :   0 andi  :   6 asr   :   0 bclr  :   0 bld   :   1 
brbc  :   0 brbs  :   0 brcc  :   1 brcs  :   0 break :   0 breq  :  17 
brge  :   0 brhc  :   0 brhs  :   0 brid  :   0 brie  :   0 brlo  :   8 
brlt  :   0 brmi  :   1 brne  :  33 brpl  :   1 brsh  :   2 brtc  :   1 
brts  :   0 brvc  :   0 brvs  :   0 bset  :   0 bst   :   1 call  :  59 
cbi   :   5 cbr   :   2 clc   :   0 clh   :   0 cli   :   1 cln   :   0 
clr   :  12 cls   :   0 clt   :   1 clv   :   0 clz   :   0 com   :   2 
cp    :   5 cpc   :   2 cpi   :  33 cpse  :   0 dec   :   7 des   :   0 
eor   :   0 fmul  :   0 fmuls :   0 fmulsu:   0 icall :   2 ijmp  :   0 
in    :   5 inc   :   3 jmp   :  28 ld    :  29 ldd   :  75 ldi   : 107 
lds   :   4 lpm   :  14 lsl   :   1 lsr   :   0 mov   :  18 movw  :  22 
mul   :   1 muls  :   0 mulsu :   0 neg   :   2 nop   :   0 or    :   1 
ori   :   8 out   :  47 pop   :   1 push  :   1 rcall :  19 ret   :  29 
reti  :   1 rjmp  :  59 rol   :   3 ror   :   0 sbc   :   3 sbci  :   2 
sbi   :   5 sbic  :   0 sbis  :   0 sbiw  :  19 sbr   :   2 sbrc  :   2 
sbrs  :  12 sec   :   0 seh   :   0 sei   :   1 sen   :   0 ser   :   0 
ses   :   0 set   :   1 sev   :   0 sez   :   0 sleep :   1 spm   :   0 
st    :  65 std   :  31 sts   :   8 sub   :   2 subi  :  17 swap  :   1 
tst   :   4 wdr   :   1 
Instructions used: 67 out of 116 (57.8%)

ATmega32A memory use summary [bytes]:
Segment   Begin    End      Code   Data   Used    Size   Use%
---------------------------------------------------------------
[.cseg] 0x000000 0x0007f6   1978     60   2038   32768   6.2%
[.dseg] 0x000060 0x00027c      0     28     28    2143   1.3%
[.eseg] 0x000000 0x000000      0      0      0    1024   0.0%

Assembly complete, 0 errors, 6 warnings
